<?xml version="1.0" encoding="utf-8"?>
<TestRun id="4ff92aae-bd3d-43cd-bf57-198de6ea10a2" name="USER@TOMOUTFITPC 2026-07-19 20:32:57" runUser="TOMOUTFITPC\USER" xmlns="http://microsoft.com/schemas/VisualStudio/TeamTest/2010">
  <Times creation="2026-07-19T20:32:57.6068788+07:00" queuing="2026-07-19T20:32:57.6068792+07:00" start="2026-07-19T20:32:53.9804000+07:00" finish="2026-07-19T20:32:58.7006058+07:00" />
  <TestSettings name="default" id="686ad22e-9e93-4644-b7f2-472c04716b62">
    <Deployment runDeploymentRoot="USER_TOMOUTFITPC_2026-07-19_20_32_57" />
  </TestSettings>
  <Results>
    <UnitTestResult executionId="bc76f464-16f4-4721-a8cf-b92e072f9e63" testId="eaed4b4f-e6c8-6077-888a-0e89756e1798" testName="FUNewsTradingSystem.Tests.Services.TradingAgentServiceTests.GenerateMockPortfolioManagerResponse_CryptoTickers_ContainCryptoRisks(ticker: &quot;BNB&quot;)" computerName="TOMOUTFITPC" duration="00:00:00.0000162" startTime="2026-07-19T20:32:58.6222150+07:00" endTime="2026-07-19T20:32:58.6222150+07:00" testType="13cdc9d9-ddb5-4fa4-a97d-d965ccfc6d4b" outcome="Passed" testListId="8c84fa94-04c1-424b-9868-57a2d4851a1d" relativeResultsDirectory="bc76f464-16f4-4721-a8cf-b92e072f9e63" />
    <UnitTestResult executionId="0257aad9-9401-4545-9427-9410ac4075f2" testId="8a2b39f4-5fa7-1c6d-1aa5-3c81200a63d0" testName="FUNewsTradingSystem.Tests.Services.TradingAgentServiceTests.GenerateMockSentimentOutput_ReturnsNonEmptyText(ticker: &quot;BTC&quot;)" computerName="TOMOUTFITPC" duration="00:00:00.0000508" startTime="2026-07-19T20:32:58.6349450+07:00" endTime="2026-07-19T20:32:58.6349450+07:00" testType="13cdc9d9-ddb5-4fa4-a97d-d965ccfc6d4b" outcome="Passed" testListId="8c84fa94-04c1-424b-9868-57a2d4851a1d" relativeResultsDirectory="0257aad9-9401-4545-9427-9410ac4075f2" />
    <UnitTestResult executionId="d17eaaec-3f47-4026-9753-e8961bd777c0" testId="7c300a4d-ffe6-651e-1406-f96c0dedb178" testName="FUNewsTradingSystem.Tests.Services.NewsArticleServiceTests.CreateWithTagAsync_InvalidCategoryId_ReturnsError" computerName="TOMOUTFITPC" duration="00:00:00.0009843" startTime="2026-07-19T20:32:57.6115932+07:00" endTime="2026-07-19T20:32:57.6115934+07:00" testType="13cdc9d9-ddb5-4fa4-a97d-d965ccfc6d4b" outcome="Passed" testListId="8c84fa94-04c1-424b-9868-57a2d4851a1d" relativeResultsDirectory="d17eaaec-3f47-4026-9753-e8961bd777c0" />
    <UnitTestResult executionId="032f2de3-ac16-425f-87f8-3579faa1f966" testId="5cbc4454-3597-0592-bc11-0f1b0c01e8d1" testName="FUNewsTradingSystem.Tests.Services.SystemAccountServiceTests.AuthenticateAsync_AccountNotFound_ReturnsNull" computerName="TOMOUTFITPC" duration="00:00:00.0012543" startTime="2026-07-19T20:32:57.6057072+07:00" endTime="2026-07-19T20:32:57.6057073+07:00" testType="13cdc9d9-ddb5-4fa4-a97d-d965ccfc6d4b" outcome="Passed" testListId="8c84fa94-04c1-424b-9868-57a2d4851a1d" relativeResultsDirectory="032f2de3-ac16-425f-87f8-3579faa1f966" />
    <UnitTestResult executionId="b68f2b3b-401c-4d7b-a285-bf4ee6f9da10" testId="5d877dd3-8102-0624-28e2-23771cfd4af0" testName="FUNewsTradingSystem.Tests.Services.CategoryServiceTests.DeleteCategoryAsync_NotReferencedAndNoChildren_DeletesAndReturnsTrue" computerName="TOMOUTFITPC" duration="00:00:00.0019019" startTime="2026-07-19T20:32:57.5953357+07:00" endTime="2026-07-19T20:32:57.5953357+07:00" testType="13cdc9d9-ddb5-4fa4-a97d-d965ccfc6d4b" outcome="Passed" testListId="8c84fa94-04c1-424b-9868-57a2d4851a1d" relativeResultsDirectory="b68f2b3b-401c-4d7b-a285-bf4ee6f9da10" />
    <UnitTestResult executionId="d000e5bf-2b0b-47a7-bc0d-57c12f097e15" testId="a16d4977-b793-8ed0-b1b7-0c3739745e3e" testName="FUNewsTradingSystem.Tests.Services.TradingAgentServiceTests.DetermineSentimentTone_DetectsCorrectTone(headlines: &quot;drop fall decline warn plummet bear lawsuit down l&quot;···, expectedTone: &quot;Negative&quot;)" computerName="TOMOUTFITPC" duration="00:00:00.0000982" startTime="2026-07-19T20:32:58.6424872+07:00" endTime="2026-07-19T20:32:58.6424872+07:00" testType="13cdc9d9-ddb5-4fa4-a97d-d965ccfc6d4b" outcome="Passed" testListId="8c84fa94-04c1-424b-9868-57a2d4851a1d" relativeResultsDirectory="d000e5bf-2b0b-47a7-bc0d-57c12f097e15" />
    <UnitTestResult executionId="f4f19f77-5efc-41c7-853c-468d8df6692b" testId="57cff069-d1e7-99cc-966e-20002854bca9" testName="FUNewsTradingSystem.Tests.Services.NewsArticleServiceTests.GetByDateRangeAsync_ValidRange_DelegatesToRepository" computerName="TOMOUTFITPC" duration="00:00:00.0044090" startTime="2026-07-19T20:32:57.6012210+07:00" endTime="2026-07-19T20:32:57.6012211+07:00" testType="13cdc9d9-ddb5-4fa4-a97d-d965ccfc6d4b" outcome="Passed" testListId="8c84fa94-04c1-424b-9868-57a2d4851a1d" relativeResultsDirectory="f4f19f77-5efc-41c7-853c-468d8df6692b" />
    <UnitTestResult executionId="2556517b-1b78-49bd-84f4-2059472282ea" testId="a503573f-a670-1c50-02a7-a8f6b9b02e35" testName="FUNewsTradingSystem.Tests.Services.TradingAgentServiceTests.GenerateMockPortfolioManagerResponse_AllRequiredFieldsPopulated" computerName="TOMOUTFITPC" duration="00:00:00.0002772" startTime="2026-07-19T20:32:58.6401187+07:00" endTime="2026-07-19T20:32:58.6401189+07:00" testType="13cdc9d9-ddb5-4fa4-a97d-d965ccfc6d4b" outcome="Passed" testListId="8c84fa94-04c1-424b-9868-57a2d4851a1d" relativeResultsDirectory="2556517b-1b78-49bd-84f4-2059472282ea" />
    <UnitTestResult executionId="4c2145ae-d7e9-45a6-b996-ecc554d52483" testId="7befab64-cac7-b003-3e94-352a396ede6c" testName="FUNewsTradingSystem.Tests.Services.NewsArticleServiceTests.GetReportDetailAsync_ExistingId_ReturnsArticle" computerName="TOMOUTFITPC" duration="00:00:00.0009599" startTime="2026-07-19T20:32:57.5942392+07:00" endTime="2026-07-19T20:32:57.5942392+07:00" testType="13cdc9d9-ddb5-4fa4-a97d-d965ccfc6d4b" outcome="Passed" testListId="8c84fa94-04c1-424b-9868-57a2d4851a1d" relativeResultsDirectory="4c2145ae-d7e9-45a6-b996-ecc554d52483" />
    <UnitTestResult executionId="e76b2ce7-c2e4-401a-aad3-b0e3f875d174" testId="1ac02a87-b4c7-acb3-ce1c-8d2be1075438" testName="FUNewsTradingSystem.Tests.Services.CategoryServiceTests.GetCategoryByIdAsync_NonExistingId_ReturnsNull" computerName="TOMOUTFITPC" duration="00:00:00.0008944" startTime="2026-07-19T20:32:57.6240908+07:00" endTime="2026-07-19T20:32:57.6240909+07:00" testType="13cdc9d9-ddb5-4fa4-a97d-d965ccfc6d4b" outcome="Passed" testListId="8c84fa94-04c1-424b-9868-57a2d4851a1d" relativeResultsDirectory="e76b2ce7-c2e4-401a-aad3-b0e3f875d174" />
    <UnitTestResult executionId="d0555b61-211c-4909-9ef5-7abd5127a0c1" testId="62504dab-d17d-1575-59f0-829e8850b0f8" testName="FUNewsTradingSystem.Tests.Services.SystemAccountServiceTests.UpdateAsync_UniqueEmail_UpdatesAndReturnsSuccess" computerName="TOMOUTFITPC" duration="00:00:00.0052928" startTime="2026-07-19T20:32:57.5943697+07:00" endTime="2026-07-19T20:32:57.5943698+07:00" testType="13cdc9d9-ddb5-4fa4-a97d-d965ccfc6d4b" outcome="Passed" testListId="8c84fa94-04c1-424b-9868-57a2d4851a1d" relativeResultsDirectory="d0555b61-211c-4909-9ef5-7abd5127a0c1" />
    <UnitTestResult executionId="d7c4d461-0d34-4be7-9b78-2e43a790568a" testId="9722b423-a281-0984-096f-106c525daa83" testName="FUNewsTradingSystem.Tests.Services.TagServiceTests.GetTagByIdAsync_ExistingId_ReturnsTag" computerName="TOMOUTFITPC" duration="00:00:00.0040003" startTime="2026-07-19T20:32:57.5804964+07:00" endTime="2026-07-19T20:32:57.5804964+07:00" testType="13cdc9d9-ddb5-4fa4-a97d-d965ccfc6d4b" outcome="Passed" testListId="8c84fa94-04c1-424b-9868-57a2d4851a1d" relativeResultsDirectory="d7c4d461-0d34-4be7-9b78-2e43a790568a" />
    <UnitTestResult executionId="e96c6bcf-803a-4a87-ac2f-b08d0f943eed" testId="7c072450-6cba-e10b-4c1b-1e882f3d5a03" testName="FUNewsTradingSystem.Tests.Services.SystemAccountServiceTests.GetByEmailAsync_ExistingEmail_ReturnsAccount" computerName="TOMOUTFITPC" duration="00:00:00.0015028" startTime="2026-07-19T20:32:57.5990429+07:00" endTime="2026-07-19T20:32:57.5990431+07:00" testType="13cdc9d9-ddb5-4fa4-a97d-d965ccfc6d4b" outcome="Passed" testListId="8c84fa94-04c1-424b-9868-57a2d4851a1d" relativeResultsDirectory="e96c6bcf-803a-4a87-ac2f-b08d0f943eed" />
    <UnitTestResult executionId="1a43a04d-37b4-4aba-9a0c-4cb22f24b73b" testId="fb6b7ce9-262c-e8a5-6384-8cc38f1b15d0" testName="FUNewsTradingSystem.Tests.Services.TradingAgentServiceTests.PreprocessJsonResponse_ExtractsJsonFromSurroundingText" computerName="TOMOUTFITPC" duration="00:00:00.0001129" startTime="2026-07-19T20:32:58.6438946+07:00" endTime="2026-07-19T20:32:58.6438947+07:00" testType="13cdc9d9-ddb5-4fa4-a97d-d965ccfc6d4b" outcome="Passed" testListId="8c84fa94-04c1-424b-9868-57a2d4851a1d" relativeResultsDirectory="1a43a04d-37b4-4aba-9a0c-4cb22f24b73b" />
    <UnitTestResult executionId="2000aaf0-0a46-4f37-8de1-9ebe5c6068d7" testId="2beff119-6357-4ab9-f3c4-8afe4359d580" testName="FUNewsTradingSystem.Tests.Services.TradingAgentServiceTests.GenerateMockFundamentalOutput_AlignedWithSentimentDecision(ticker: &quot;AAPL&quot;, sentiment: &quot;neutral balanced market sentiment&quot;, expectedDirection: &quot;HOLD&quot;)" computerName="TOMOUTFITPC" duration="00:00:00.0006619" startTime="2026-07-19T20:32:58.6356313+07:00" endTime="2026-07-19T20:32:58.6356314+07:00" testType="13cdc9d9-ddb5-4fa4-a97d-d965ccfc6d4b" outcome="Passed" testListId="8c84fa94-04c1-424b-9868-57a2d4851a1d" relativeResultsDirectory="2000aaf0-0a46-4f37-8de1-9ebe5c6068d7" />
    <UnitTestResult executionId="f3486ecd-e176-48cf-adc4-cc5ad98e0ae5" testId="7664108b-eece-4e78-d524-16f9e8b6ef66" testName="FUNewsTradingSystem.Tests.Services.CategoryServiceTests.GetAllCategoriesAsync_EmptyList_ReturnsEmpty" computerName="TOMOUTFITPC" duration="00:00:00.0008865" startTime="2026-07-19T20:32:57.6283968+07:00" endTime="2026-07-19T20:32:57.6283972+07:00" testType="13cdc9d9-ddb5-4fa4-a97d-d965ccfc6d4b" outcome="Passed" testListId="8c84fa94-04c1-424b-9868-57a2d4851a1d" relativeResultsDirectory="f3486ecd-e176-48cf-adc4-cc5ad98e0ae5" />
    <UnitTestResult executionId="b1563cc2-cf96-4266-bf04-d53313aa5feb" testId="4f50bbe5-85ba-2a45-7057-b8429f0cbeeb" testName="FUNewsTradingSystem.Tests.Services.TradingAgentServiceTests.ExtractHeadlineTitles_StripsNumberPrefixAndDescription" computerName="TOMOUTFITPC" duration="00:00:00.0001818" startTime="2026-07-19T20:32:58.6420136+07:00" endTime="2026-07-19T20:32:58.6420138+07:00" testType="13cdc9d9-ddb5-4fa4-a97d-d965ccfc6d4b" outcome="Passed" testListId="8c84fa94-04c1-424b-9868-57a2d4851a1d" relativeResultsDirectory="b1563cc2-cf96-4266-bf04-d53313aa5feb" />
    <UnitTestResult executionId="09261c3a-bfc8-4d05-a5cd-030a006187f1" testId="58773c19-6cc6-147c-ba3b-db7de4ebd8b0" testName="FUNewsTradingSystem.Tests.Services.TagServiceTests.CreateTagAsync_UniqueTagName_CreatesSuccessfully" computerName="TOMOUTFITPC" duration="00:00:00.0067623" startTime="2026-07-19T20:32:57.5948021+07:00" endTime="2026-07-19T20:32:57.5948021+07:00" testType="13cdc9d9-ddb5-4fa4-a97d-d965ccfc6d4b" outcome="Passed" testListId="8c84fa94-04c1-424b-9868-57a2d4851a1d" relativeResultsDirectory="09261c3a-bfc8-4d05-a5cd-030a006187f1" />
    <UnitTestResult executionId="c405234b-6e8a-4515-b179-6f334064b1c0" testId="7cd83384-c411-eef8-a573-487d473e3b6b" testName="FUNewsTradingSystem.Tests.Services.TradingAgentServiceTests.GenerateMockSentimentOutput_ReturnsNonEmptyText(ticker: &quot;AAPL&quot;)" computerName="TOMOUTFITPC" duration="00:00:00.0089324" startTime="2026-07-19T20:32:58.6344901+07:00" endTime="2026-07-19T20:32:58.6344904+07:00" testType="13cdc9d9-ddb5-4fa4-a97d-d965ccfc6d4b" outcome="Passed" testListId="8c84fa94-04c1-424b-9868-57a2d4851a1d" relativeResultsDirectory="c405234b-6e8a-4515-b179-6f334064b1c0" />
    <UnitTestResult executionId="5396aaee-7ef1-4e6a-a97b-0b9c332803f7" testId="f96edd61-80a1-b2f2-f649-01a36b1c5086" testName="FUNewsTradingSystem.Tests.Services.TradingAgentServiceTests.ExtractHeadlineTitles_WhenNoDashSeparator_ReturnsFullLine" computerName="TOMOUTFITPC" duration="00:00:00.0001680" startTime="2026-07-19T20:32:58.6423594+07:00" endTime="2026-07-19T20:32:58.6423594+07:00" testType="13cdc9d9-ddb5-4fa4-a97d-d965ccfc6d4b" outcome="Passed" testListId="8c84fa94-04c1-424b-9868-57a2d4851a1d" relativeResultsDirectory="5396aaee-7ef1-4e6a-a97b-0b9c332803f7" />
    <UnitTestResult executionId="d836cccf-6746-41c9-be57-10ec1a3df7ad" testId="684ebbf5-c657-b49f-2765-0cc5df5df71b" testName="FUNewsTradingSystem.Tests.Services.TradingAgentServiceTests.GenerateMockPortfolioManagerResponse_IndexETFs_ContainMacroRisks(ticker: &quot;QQQ&quot;)" computerName="TOMOUTFITPC" duration="00:00:00.0001383" startTime="2026-07-19T20:32:58.6368962+07:00" endTime="2026-07-19T20:32:58.6368962+07:00" testType="13cdc9d9-ddb5-4fa4-a97d-d965ccfc6d4b" outcome="Passed" testListId="8c84fa94-04c1-424b-9868-57a2d4851a1d" relativeResultsDirectory="d836cccf-6746-41c9-be57-10ec1a3df7ad" />
    <UnitTestResult executionId="5ca868e8-69ae-4ea8-af58-c7f167dc138d" testId="95ab73d4-8e19-79cf-0707-395f42c16911" testName="FUNewsTradingSystem.Tests.Services.TradingAgentServiceTests.DetermineSentimentTone_EmptyHeadlines_ReturnsPositive" computerName="TOMOUTFITPC" duration="00:00:00.0001021" startTime="2026-07-19T20:32:58.6440229+07:00" endTime="2026-07-19T20:32:58.6440230+07:00" testType="13cdc9d9-ddb5-4fa4-a97d-d965ccfc6d4b" outcome="Passed" testListId="8c84fa94-04c1-424b-9868-57a2d4851a1d" relativeResultsDirectory="5ca868e8-69ae-4ea8-af58-c7f167dc138d" />
    <UnitTestResult executionId="53cbc8fa-c20c-4f0f-bcf9-49f2590256e1" testId="baa29220-830b-72b1-bd56-0e752e04fb12" testName="FUNewsTradingSystem.Tests.Services.TradingAgentServiceTests.GenerateMockFundamentalOutput_AlignedWithSentimentDecision(ticker: &quot;AAPL&quot;, sentiment: &quot;prevailing negative market sentiment&quot;, expectedDirection: &quot;SELL&quot;)" computerName="TOMOUTFITPC" duration="00:00:00.0000478" startTime="2026-07-19T20:32:58.6359768+07:00" endTime="2026-07-19T20:32:58.6359768+07:00" testType="13cdc9d9-ddb5-4fa4-a97d-d965ccfc6d4b" outcome="Passed" testListId="8c84fa94-04c1-424b-9868-57a2d4851a1d" relativeResultsDirectory="53cbc8fa-c20c-4f0f-bcf9-49f2590256e1" />
    <UnitTestResult executionId="128b51aa-4361-43c7-a0f4-d87f91d3ad92" testId="3784b619-a9e0-87cf-e521-3c3e78fd4806" testName="FUNewsTradingSystem.Tests.Services.TradingAgentServiceTests.GenerateMockPortfolioManagerResponse_TitleContainsDecisionAndTicker" computerName="TOMOUTFITPC" duration="00:00:00.0001131" startTime="2026-07-19T20:32:58.6436168+07:00" endTime="2026-07-19T20:32:58.6436169+07:00" testType="13cdc9d9-ddb5-4fa4-a97d-d965ccfc6d4b" outcome="Passed" testListId="8c84fa94-04c1-424b-9868-57a2d4851a1d" relativeResultsDirectory="128b51aa-4361-43c7-a0f4-d87f91d3ad92" />
    <UnitTestResult executionId="7dbd09e5-cfc1-47c8-8ac9-8b131ce13f92" testId="73018f13-c97f-07c3-9520-0a937ee6b031" testName="FUNewsTradingSystem.Tests.Services.CategoryServiceTests.CreateCategoryAsync_WhenRepositoryReturnsNull_ReturnsFalse" computerName="TOMOUTFITPC" duration="00:00:00.0055467" startTime="2026-07-19T20:32:57.5919138+07:00" endTime="2026-07-19T20:32:57.5919138+07:00" testType="13cdc9d9-ddb5-4fa4-a97d-d965ccfc6d4b" outcome="Passed" testListId="8c84fa94-04c1-424b-9868-57a2d4851a1d" relativeResultsDirectory="7dbd09e5-cfc1-47c8-8ac9-8b131ce13f92" />
    <UnitTestResult executionId="b4c1c8fc-a509-4e7e-97db-b9f18dcf5fa3" testId="108bc31f-28b1-9adf-87f7-afbc3d51d51d" testName="FUNewsTradingSystem.Tests.Services.NewsArticleServiceTests.GetActiveReportsAsync_DelegatesToRepository" computerName="TOMOUTFITPC" duration="00:00:00.0014702" startTime="2026-07-19T20:32:57.5966161+07:00" endTime="2026-07-19T20:32:57.5966161+07:00" testType="13cdc9d9-ddb5-4fa4-a97d-d965ccfc6d4b" outcome="Passed" testListId="8c84fa94-04c1-424b-9868-57a2d4851a1d" relativeResultsDirectory="b4c1c8fc-a509-4e7e-97db-b9f18dcf5fa3" />
    <UnitTestResult executionId="ba31c3a8-b4c6-40ac-9126-fa04c2c1186d" testId="4cadda63-ed6f-09da-c0ad-ebec249707ca" testName="FUNewsTradingSystem.Tests.Services.TradingAgentServiceTests.PortfolioManagerPromptTemplate_ContainsExpectedDecisionSchema" computerName="TOMOUTFITPC" duration="00:00:00.0000983" startTime="2026-07-19T20:32:58.6441521+07:00" endTime="2026-07-19T20:32:58.6441521+07:00" testType="13cdc9d9-ddb5-4fa4-a97d-d965ccfc6d4b" outcome="Passed" testListId="8c84fa94-04c1-424b-9868-57a2d4851a1d" relativeResultsDirectory="ba31c3a8-b4c6-40ac-9126-fa04c2c1186d" />
    <UnitTestResult executionId="924498d0-4b28-4b92-9a39-b930bb114b69" testId="fab1ba5d-1b73-54f8-2812-ac546c6eed97" testName="FUNewsTradingSystem.Tests.Services.TradingAgentServiceTests.ExtractHeadlineTitles_ReturnsEmptyList_ForNullOrWhiteSpace" computerName="TOMOUTFITPC" duration="00:00:00.0002512" startTime="2026-07-19T20:32:58.6363509+07:00" endTime="2026-07-19T20:32:58.6363517+07:00" testType="13cdc9d9-ddb5-4fa4-a97d-d965ccfc6d4b" outcome="Passed" testListId="8c84fa94-04c1-424b-9868-57a2d4851a1d" relativeResultsDirectory="924498d0-4b28-4b92-9a39-b930bb114b69" />
    <UnitTestResult executionId="d673f35a-d6e5-43cf-88e1-dfd7afae9924" testId="553ad0bd-23bc-d6a2-a2db-069c1b10180e" testName="FUNewsTradingSystem.Tests.Services.SystemAccountServiceTests.ChangePasswordAsync_WrongCurrentPassword_ReturnsFailure" computerName="TOMOUTFITPC" duration="00:00:00.0009268" startTime="2026-07-19T20:32:57.6092497+07:00" endTime="2026-07-19T20:32:57.6092500+07:00" testType="13cdc9d9-ddb5-4fa4-a97d-d965ccfc6d4b" outcome="Passed" testListId="8c84fa94-04c1-424b-9868-57a2d4851a1d" relativeResultsDirectory="d673f35a-d6e5-43cf-88e1-dfd7afae9924" />
    <UnitTestResult executionId="9e0e9775-5bb6-43a2-8b18-571bf2027f1f" testId="cf829504-7aa5-a454-44c1-6431c4487ff5" testName="FUNewsTradingSystem.Tests.Services.NewsArticleServiceTests.GetActiveAsync_ReturnsAllActiveArticles" computerName="TOMOUTFITPC" duration="00:00:00.0017078" startTime="2026-07-19T20:32:57.6133479+07:00" endTime="2026-07-19T20:32:57.6133479+07:00" testType="13cdc9d9-ddb5-4fa4-a97d-d965ccfc6d4b" outcome="Passed" testListId="8c84fa94-04c1-424b-9868-57a2d4851a1d" relativeResultsDirectory="9e0e9775-5bb6-43a2-8b18-571bf2027f1f" />
    <UnitTestResult executionId="4a98ba99-12f1-4647-9357-2cbad2dcfb91" testId="b30e543c-52ec-aa46-0d17-b5cb449bfe4a" testName="FUNewsTradingSystem.Tests.Services.TradingAgentServiceTests.GenerateMockPortfolioManagerResponse_ConfidenceScore_InRange" computerName="TOMOUTFITPC" duration="00:00:00.0004703" startTime="2026-07-19T20:32:58.6255108+07:00" endTime="2026-07-19T20:32:58.6255111+07:00" testType="13cdc9d9-ddb5-4fa4-a97d-d965ccfc6d4b" outcome="Passed" testListId="8c84fa94-04c1-424b-9868-57a2d4851a1d" relativeResultsDirectory="4a98ba99-12f1-4647-9357-2cbad2dcfb91" />
    <UnitTestResult executionId="345a5fa4-27c0-4cde-ad97-ae27dc077146" testId="031f2396-7653-2745-4093-0e33c38c7b7a" testName="FUNewsTradingSystem.Tests.Services.TradingAgentServiceTests.SentimentPromptTemplate_ContainsPlaceholders" computerName="TOMOUTFITPC" duration="00:00:00.0001648" startTime="2026-07-19T20:32:58.6404876+07:00" endTime="2026-07-19T20:32:58.6404877+07:00" testType="13cdc9d9-ddb5-4fa4-a97d-d965ccfc6d4b" outcome="Passed" testListId="8c84fa94-04c1-424b-9868-57a2d4851a1d" relativeResultsDirectory="345a5fa4-27c0-4cde-ad97-ae27dc077146" />
    <UnitTestResult executionId="82eb01ec-fb91-4d46-a94b-5c46133d442a" testId="a7ee7309-11df-b5a9-8ee9-2d7b9c4cf89a" testName="FUNewsTradingSystem.Tests.Services.SystemAccountServiceTests.GetByIdAsync_ExistingId_ReturnsAccount" computerName="TOMOUTFITPC" duration="00:00:00.9235780" startTime="2026-07-19T20:32:57.5778687+07:00" endTime="2026-07-19T20:32:57.5778689+07:00" testType="13cdc9d9-ddb5-4fa4-a97d-d965ccfc6d4b" outcome="Passed" testListId="8c84fa94-04c1-424b-9868-57a2d4851a1d" relativeResultsDirectory="82eb01ec-fb91-4d46-a94b-5c46133d442a" />
    <UnitTestResult executionId="3cfaaeb3-635f-4fbf-ba81-49ea64ad75a3" testId="79bf4ac6-7e3c-cf66-b918-9464bb101bd8" testName="FUNewsTradingSystem.Tests.Services.TagServiceTests.UpdateTagAsync_UniqueNameAmongOtherTags_UpdatesSuccessfully" computerName="TOMOUTFITPC" duration="00:00:00.0036956" startTime="2026-07-19T20:32:57.6040297+07:00" endTime="2026-07-19T20:32:57.6040297+07:00" testType="13cdc9d9-ddb5-4fa4-a97d-d965ccfc6d4b" outcome="Passed" testListId="8c84fa94-04c1-424b-9868-57a2d4851a1d" relativeResultsDirectory="3cfaaeb3-635f-4fbf-ba81-49ea64ad75a3" />
    <UnitTestResult executionId="32a966ca-04b8-4a9a-a1d8-dff1f5971e8d" testId="7ca00b3b-991a-71dc-1624-b9040ef7698a" testName="FUNewsTradingSystem.Tests.Services.NewsArticleServiceTests.GetByCreatorAsync_ValidAccountId_ReturnsList" computerName="TOMOUTFITPC" duration="00:00:00.0070423" startTime="2026-07-19T20:32:57.5918087+07:00" endTime="2026-07-19T20:32:57.5918087+07:00" testType="13cdc9d9-ddb5-4fa4-a97d-d965ccfc6d4b" outcome="Passed" testListId="8c84fa94-04c1-424b-9868-57a2d4851a1d" relativeResultsDirectory="32a966ca-04b8-4a9a-a1d8-dff1f5971e8d" />
    <UnitTestResult executionId="9992bb49-d611-4c1a-bf20-7ce6cac59a73" testId="dbc2835c-afda-6e4a-9c88-805a021725bb" testName="FUNewsTradingSystem.Tests.Services.TagServiceTests.GetTagByIdAsync_NonExistingId_ReturnsNull" computerName="TOMOUTFITPC" duration="00:00:00.9233393" startTime="2026-07-19T20:32:57.5787277+07:00" endTime="2026-07-19T20:32:57.5787279+07:00" testType="13cdc9d9-ddb5-4fa4-a97d-d965ccfc6d4b" outcome="Passed" testListId="8c84fa94-04c1-424b-9868-57a2d4851a1d" relativeResultsDirectory="9992bb49-d611-4c1a-bf20-7ce6cac59a73" />
    <UnitTestResult executionId="111154a7-2b36-4a76-94cf-4393a7a5d326" testId="9acec578-ea5f-2913-4206-a4c3e146a3b3" testName="FUNewsTradingSystem.Tests.Services.NewsArticleServiceTests.GetByIdAsync_ExistingId_ReturnsArticle" computerName="TOMOUTFITPC" duration="00:00:00.0011056" startTime="2026-07-19T20:32:57.6066195+07:00" endTime="2026-07-19T20:32:57.6066196+07:00" testType="13cdc9d9-ddb5-4fa4-a97d-d965ccfc6d4b" outcome="Passed" testListId="8c84fa94-04c1-424b-9868-57a2d4851a1d" relativeResultsDirectory="111154a7-2b36-4a76-94cf-4393a7a5d326" />
    <UnitTestResult executionId="20c7294d-8b91-4ba2-a424-507ff1322b31" testId="c247d9f1-51a2-a7d1-eaab-22f6d9ebed47" testName="FUNewsTradingSystem.Tests.Services.CategoryServiceTests.DeleteCategoryAsync_ChildrenReferencedByArticle_ReturnsFalseWithoutDeleting" computerName="TOMOUTFITPC" duration="00:00:00.0014940" startTime="2026-07-19T20:32:57.5942716+07:00" endTime="2026-07-19T20:32:57.5942716+07:00" testType="13cdc9d9-ddb5-4fa4-a97d-d965ccfc6d4b" outcome="Passed" testListId="8c84fa94-04c1-424b-9868-57a2d4851a1d" relativeResultsDirectory="20c7294d-8b91-4ba2-a424-507ff1322b31" />
    <UnitTestResult executionId="b80a4d1e-09d7-43d7-a988-09990634adb2" testId="d7b9f714-b852-4595-6794-baff54c647e1" testName="FUNewsTradingSystem.Tests.Services.CategoryServiceTests.GetActiveAsync_DelegatesToRepository" computerName="TOMOUTFITPC" duration="00:00:00.0016433" startTime="2026-07-19T20:32:57.6274108+07:00" endTime="2026-07-19T20:32:57.6274116+07:00" testType="13cdc9d9-ddb5-4fa4-a97d-d965ccfc6d4b" outcome="Passed" testListId="8c84fa94-04c1-424b-9868-57a2d4851a1d" relativeResultsDirectory="b80a4d1e-09d7-43d7-a988-09990634adb2" />
    <UnitTestResult executionId="93d6d448-84de-49ba-91c7-396fe2071f51" testId="e770fcfa-fe3e-9691-de28-839615d9eac7" testName="FUNewsTradingSystem.Tests.Services.SystemAccountServiceTests.ChangePasswordAsync_HashPlaceholder_AllowsChange" computerName="TOMOUTFITPC" duration="00:00:00.0015476" startTime="2026-07-19T20:32:57.6073303+07:00" endTime="2026-07-19T20:32:57.6073304+07:00" testType="13cdc9d9-ddb5-4fa4-a97d-d965ccfc6d4b" outcome="Passed" testListId="8c84fa94-04c1-424b-9868-57a2d4851a1d" relativeResultsDirectory="93d6d448-84de-49ba-91c7-396fe2071f51" />
    <UnitTestResult executionId="1d0ae357-2f64-449f-8725-2094f1cb4de5" testId="70f80633-8b59-815c-a475-14cd8b0f703d" testName="FUNewsTradingSystem.Tests.Services.CategoryServiceTests.GetAllCategoriesAsync_ReturnsAllFromRepository" computerName="TOMOUTFITPC" duration="00:00:00.0229788" startTime="2026-07-19T20:32:57.6181917+07:00" endTime="2026-07-19T20:32:57.6181922+07:00" testType="13cdc9d9-ddb5-4fa4-a97d-d965ccfc6d4b" outcome="Passed" testListId="8c84fa94-04c1-424b-9868-57a2d4851a1d" relativeResultsDirectory="1d0ae357-2f64-449f-8725-2094f1cb4de5" />
    <UnitTestResult executionId="49e24485-b14e-4c7c-82a6-2b1f359c9f73" testId="684767e7-772b-fde6-7434-f9ec24047c73" testName="FUNewsTradingSystem.Tests.Services.TradingAgentServiceTests.GenerateMockSentimentOutput_NegativeSentiment_ContainsNegativeLanguage" computerName="TOMOUTFITPC" duration="00:00:00.0001215" startTime="2026-07-19T20:32:58.6421612+07:00" endTime="2026-07-19T20:32:58.6421612+07:00" testType="13cdc9d9-ddb5-4fa4-a97d-d965ccfc6d4b" outcome="Passed" testListId="8c84fa94-04c1-424b-9868-57a2d4851a1d" relativeResultsDirectory="49e24485-b14e-4c7c-82a6-2b1f359c9f73" />
    <UnitTestResult executionId="323b6fb7-117d-44c1-980d-75c04a09d872" testId="68dfc61d-9baa-609b-c297-bd4b9969c9c9" testName="FUNewsTradingSystem.Tests.Services.TagServiceTests.CreateTagAsync_DuplicateTagName_ThrowsInvalidOperationException" computerName="TOMOUTFITPC" duration="00:00:00.0018266" startTime="2026-07-19T20:32:57.6228806+07:00" endTime="2026-07-19T20:32:57.6228810+07:00" testType="13cdc9d9-ddb5-4fa4-a97d-d965ccfc6d4b" outcome="Passed" testListId="8c84fa94-04c1-424b-9868-57a2d4851a1d" relativeResultsDirectory="323b6fb7-117d-44c1-980d-75c04a09d872" />
    <UnitTestResult executionId="04111798-0a56-4476-b8cd-41ef77e55ef4" testId="a7ce248f-8a71-cab2-3248-10612991e04b" testName="FUNewsTradingSystem.Tests.Services.TradingAgentServiceTests.GenerateMockPortfolioManagerResponse_CryptoTickers_ContainCryptoRisks(ticker: &quot;ETH&quot;)" computerName="TOMOUTFITPC" duration="00:00:00.0004519" startTime="2026-07-19T20:32:58.6221482+07:00" endTime="2026-07-19T20:32:58.6221485+07:00" testType="13cdc9d9-ddb5-4fa4-a97d-d965ccfc6d4b" outcome="Passed" testListId="8c84fa94-04c1-424b-9868-57a2d4851a1d" relativeResultsDirectory="04111798-0a56-4476-b8cd-41ef77e55ef4" />
    <UnitTestResult executionId="31b40a72-72cb-4a5f-a957-1ad25fa83492" testId="f489ccef-f685-0c0e-9fcf-c83bd50ae5d4" testName="FUNewsTradingSystem.Tests.Services.TradingAgentServiceTests.DetermineSentimentTone_DetectsCorrectTone(headlines: &quot;surge rise gain profit bull buy strong higher posi&quot;···, expectedTone: &quot;Positive&quot;)" computerName="TOMOUTFITPC" duration="00:00:00.0001633" startTime="2026-07-19T20:32:58.6426787+07:00" endTime="2026-07-19T20:32:58.6426787+07:00" testType="13cdc9d9-ddb5-4fa4-a97d-d965ccfc6d4b" outcome="Passed" testListId="8c84fa94-04c1-424b-9868-57a2d4851a1d" relativeResultsDirectory="31b40a72-72cb-4a5f-a957-1ad25fa83492" />
    <UnitTestResult executionId="1ece7ded-831b-4ffe-bfad-fcb2428a729e" testId="67c54ce4-d585-de72-9eec-481747afe45d" testName="FUNewsTradingSystem.Tests.Services.NewsArticleServiceTests.CreateWithTagAsync_MissingTitle_ReturnsValidationError" computerName="TOMOUTFITPC" duration="00:00:00.0008260" startTime="2026-07-19T20:32:57.5953123+07:00" endTime="2026-07-19T20:32:57.5953124+07:00" testType="13cdc9d9-ddb5-4fa4-a97d-d965ccfc6d4b" outcome="Passed" testListId="8c84fa94-04c1-424b-9868-57a2d4851a1d" relativeResultsDirectory="1ece7ded-831b-4ffe-bfad-fcb2428a729e" />
    <UnitTestResult executionId="33e928eb-9c93-4156-aafb-132855a146d2" testId="c44d4056-82ff-d0a6-999c-71a7402bcf46" testName="FUNewsTradingSystem.Tests.Services.TradingAgentServiceTests.GenerateMockPortfolioManagerResponse_ReturnsCorrectDecision(ticker: &quot;MSFT&quot;, sentiment: &quot;neutral consolidation balanced&quot;, expectedDecision: &quot;HOLD&quot;)" computerName="TOMOUTFITPC" duration="00:00:00.0000251" startTime="2026-07-19T20:32:58.6417273+07:00" endTime="2026-07-19T20:32:58.6417273+07:00" testType="13cdc9d9-ddb5-4fa4-a97d-d965ccfc6d4b" outcome="Passed" testListId="8c84fa94-04c1-424b-9868-57a2d4851a1d" relativeResultsDirectory="33e928eb-9c93-4156-aafb-132855a146d2" />
    <UnitTestResult executionId="1334f95a-d7c4-4e25-8fcc-fd7e18062035" testId="7676ddb3-40a2-0311-582e-205640c695ab" testName="FUNewsTradingSystem.Tests.Services.NewsArticleServiceTests.ToggleStatusAsync_WhenRepositoryReturnsTrue_ReturnsTrue" computerName="TOMOUTFITPC" duration="00:00:00.0014555" startTime="2026-07-19T20:32:57.5943169+07:00" endTime="2026-07-19T20:32:57.5943169+07:00" testType="13cdc9d9-ddb5-4fa4-a97d-d965ccfc6d4b" outcome="Passed" testListId="8c84fa94-04c1-424b-9868-57a2d4851a1d" relativeResultsDirectory="1334f95a-d7c4-4e25-8fcc-fd7e18062035" />
    <UnitTestResult executionId="15d2542e-6502-49ba-bfd6-3ccf47fc2231" testId="7de4647e-b938-f3b6-9f97-61c41312e8f7" testName="FUNewsTradingSystem.Tests.Services.TradingAgentServiceTests.GenerateMockPortfolioManagerResponse_ReturnsCorrectDecision(ticker: &quot;TSLA&quot;, sentiment: &quot;negative bear drop decline&quot;, expectedDecision: &quot;SELL&quot;)" computerName="TOMOUTFITPC" duration="00:00:00.0001677" startTime="2026-07-19T20:32:58.6411058+07:00" endTime="2026-07-19T20:32:58.6411059+07:00" testType="13cdc9d9-ddb5-4fa4-a97d-d965ccfc6d4b" outcome="Passed" testListId="8c84fa94-04c1-424b-9868-57a2d4851a1d" relativeResultsDirectory="15d2542e-6502-49ba-bfd6-3ccf47fc2231" />
    <UnitTestResult executionId="7e6bba08-50ee-4751-bc8b-9aeac9b141e4" testId="b68488f2-6e75-fbf2-0552-791cf059d46d" testName="FUNewsTradingSystem.Tests.Services.SystemAccountServiceTests.AuthenticateAsync_CorrectPassword_ReturnsAccount" computerName="TOMOUTFITPC" duration="00:00:00.0013713" startTime="2026-07-19T20:32:57.5918686+07:00" endTime="2026-07-19T20:32:57.5918686+07:00" testType="13cdc9d9-ddb5-4fa4-a97d-d965ccfc6d4b" outcome="Passed" testListId="8c84fa94-04c1-424b-9868-57a2d4851a1d" relativeResultsDirectory="7e6bba08-50ee-4751-bc8b-9aeac9b141e4" />
    <UnitTestResult executionId="7abe1e4e-e70f-429b-8e75-cd0d80c406f4" testId="a9185893-c8b3-e756-6e67-ebd3bde63f7e" testName="FUNewsTradingSystem.Tests.Services.TradingAgentServiceTests.GenerateMockPortfolioManagerResponse_IndexETFs_ContainMacroRisks(ticker: &quot;SPY&quot;)" computerName="TOMOUTFITPC" duration="00:00:00.0000181" startTime="2026-07-19T20:32:58.6369363+07:00" endTime="2026-07-19T20:32:58.6369363+07:00" testType="13cdc9d9-ddb5-4fa4-a97d-d965ccfc6d4b" outcome="Passed" testListId="8c84fa94-04c1-424b-9868-57a2d4851a1d" relativeResultsDirectory="7abe1e4e-e70f-429b-8e75-cd0d80c406f4" />
    <UnitTestResult executionId="24b2d16b-9032-4bf8-82fd-d3ceb6be1481" testId="2d2c1f77-b8d8-6df5-90b9-2e2d76cf5c8a" testName="FUNewsTradingSystem.Tests.Services.CategoryServiceTests.GetCategoryByIdAsync_ExistingId_ReturnsCategory" computerName="TOMOUTFITPC" duration="00:00:00.0028725" startTime="2026-07-19T20:32:57.5917583+07:00" endTime="2026-07-19T20:32:57.5917584+07:00" testType="13cdc9d9-ddb5-4fa4-a97d-d965ccfc6d4b" outcome="Passed" testListId="8c84fa94-04c1-424b-9868-57a2d4851a1d" relativeResultsDirectory="24b2d16b-9032-4bf8-82fd-d3ceb6be1481" />
    <UnitTestResult executionId="b51fd682-8838-42d7-aeb2-7e012bd75b2e" testId="2f02088d-7d59-fef6-dea0-aebec9beb53b" testName="FUNewsTradingSystem.Tests.Services.TradingAgentServiceTests.GenerateFallbackNewsHeadlines_ProducesThreeLines" computerName="TOMOUTFITPC" duration="00:00:00.0001499" startTime="2026-07-19T20:32:58.6389825+07:00" endTime="2026-07-19T20:32:58.6389826+07:00" testType="13cdc9d9-ddb5-4fa4-a97d-d965ccfc6d4b" outcome="Passed" testListId="8c84fa94-04c1-424b-9868-57a2d4851a1d" relativeResultsDirectory="b51fd682-8838-42d7-aeb2-7e012bd75b2e" />
    <UnitTestResult executionId="91e5c2ef-a633-4d7c-8c07-731c7384f26c" testId="ea336343-5f25-a58d-402e-6a33bbb17197" testName="FUNewsTradingSystem.Tests.Services.NewsArticleServiceTests.GetActiveReportsAsync_WithFilters_PassesFiltersToRepository" computerName="TOMOUTFITPC" duration="00:00:00.0028708" startTime="2026-07-19T20:32:57.5952471+07:00" endTime="2026-07-19T20:32:57.5952471+07:00" testType="13cdc9d9-ddb5-4fa4-a97d-d965ccfc6d4b" outcome="Passed" testListId="8c84fa94-04c1-424b-9868-57a2d4851a1d" relativeResultsDirectory="91e5c2ef-a633-4d7c-8c07-731c7384f26c" />
    <UnitTestResult executionId="6e499c86-727b-4eb0-a146-217a535f147b" testId="68ffbf9f-df83-72fb-a3f1-639d2f9b8417" testName="FUNewsTradingSystem.Tests.Services.TradingAgentServiceTests.GenerateMockSentimentOutput_PositiveSentiment_MentionsBullishLanguage" computerName="TOMOUTFITPC" duration="00:00:00.0001871" startTime="2026-07-19T20:32:58.6402854+07:00" endTime="2026-07-19T20:32:58.6402856+07:00" testType="13cdc9d9-ddb5-4fa4-a97d-d965ccfc6d4b" outcome="Passed" testListId="8c84fa94-04c1-424b-9868-57a2d4851a1d" relativeResultsDirectory="6e499c86-727b-4eb0-a146-217a535f147b" />
    <UnitTestResult executionId="365f8d27-858f-4feb-9954-004667db27d8" testId="cd602f3a-a9cf-424a-51b0-51024d8c8d65" testName="FUNewsTradingSystem.Tests.Services.NewsArticleServiceTests.CreateWithTagAsync_ZeroCategoryId_ReturnsError" computerName="TOMOUTFITPC" duration="00:00:00.0009036" startTime="2026-07-19T20:32:57.6069916+07:00" endTime="2026-07-19T20:32:57.6069917+07:00" testType="13cdc9d9-ddb5-4fa4-a97d-d965ccfc6d4b" outcome="Passed" testListId="8c84fa94-04c1-424b-9868-57a2d4851a1d" relativeResultsDirectory="365f8d27-858f-4feb-9954-004667db27d8" />
    <UnitTestResult executionId="1dd4c35f-c7a7-460a-b949-c4a399c9d710" testId="4ed6599f-72e5-d7c8-22de-83aeb6e0b9fa" testName="FUNewsTradingSystem.Tests.Services.TradingAgentServiceTests.GenerateFallbackNewsHeadlines_ReturnsNonEmptyString(ticker: &quot;AAPL&quot;, company: &quot;Apple Inc&quot;)" computerName="TOMOUTFITPC" duration="00:00:00.0000192" startTime="2026-07-19T20:32:58.6371479+07:00" endTime="2026-07-19T20:32:58.6371480+07:00" testType="13cdc9d9-ddb5-4fa4-a97d-d965ccfc6d4b" outcome="Passed" testListId="8c84fa94-04c1-424b-9868-57a2d4851a1d" relativeResultsDirectory="1dd4c35f-c7a7-460a-b949-c4a399c9d710" />
    <UnitTestResult executionId="ded55d7f-9492-42bc-abcf-e9f6ef0bbbb6" testId="622a8cb3-9d5b-0317-a2e0-6a184619b3c4" testName="FUNewsTradingSystem.Tests.Services.CategoryServiceTests.GetTopLevelAsync_DelegatesToRepository" computerName="TOMOUTFITPC" duration="00:00:00.0028569" startTime="2026-07-19T20:32:57.6211760+07:00" endTime="2026-07-19T20:32:57.6211762+07:00" testType="13cdc9d9-ddb5-4fa4-a97d-d965ccfc6d4b" outcome="Passed" testListId="8c84fa94-04c1-424b-9868-57a2d4851a1d" relativeResultsDirectory="ded55d7f-9492-42bc-abcf-e9f6ef0bbbb6" />
    <UnitTestResult executionId="12a46c5d-d549-47b5-977b-7e30d255d09e" testId="d7444a13-09d0-ee6f-bc11-30fbfea83090" testName="FUNewsTradingSystem.Tests.Services.NewsArticleServiceTests.GetReportsByCreatorAsync_DelegatesToRepository" computerName="TOMOUTFITPC" duration="00:00:00.0028043" startTime="2026-07-19T20:32:57.6039582+07:00" endTime="2026-07-19T20:32:57.6039586+07:00" testType="13cdc9d9-ddb5-4fa4-a97d-d965ccfc6d4b" outcome="Passed" testListId="8c84fa94-04c1-424b-9868-57a2d4851a1d" relativeResultsDirectory="12a46c5d-d549-47b5-977b-7e30d255d09e" />
    <UnitTestResult executionId="d1ba9575-49e4-48c4-afec-0620230cd1e1" testId="eed524f7-c3a6-4d46-49a0-a3d66ef34d08" testName="FUNewsTradingSystem.Tests.Services.TradingAgentServiceTests.PreprocessJsonResponse_StripsJsonCodeFence" computerName="TOMOUTFITPC" duration="00:00:00.0011417" startTime="2026-07-19T20:32:58.6385817+07:00" endTime="2026-07-19T20:32:58.6385818+07:00" testType="13cdc9d9-ddb5-4fa4-a97d-d965ccfc6d4b" outcome="Passed" testListId="8c84fa94-04c1-424b-9868-57a2d4851a1d" relativeResultsDirectory="d1ba9575-49e4-48c4-afec-0620230cd1e1" />
    <UnitTestResult executionId="44e91423-c02a-42bb-9d21-733f5762ea43" testId="f49421bf-6a2e-e768-3bb5-85b81f4cd3d1" testName="FUNewsTradingSystem.Tests.Services.TradingAgentServiceTests.RunAnalysisAsync_WhenTagNotFound_ReturnsFailureResult" computerName="TOMOUTFITPC" duration="00:00:01.9727187" startTime="2026-07-19T20:32:58.6187113+07:00" endTime="2026-07-19T20:32:58.6187116+07:00" testType="13cdc9d9-ddb5-4fa4-a97d-d965ccfc6d4b" outcome="Passed" testListId="8c84fa94-04c1-424b-9868-57a2d4851a1d" relativeResultsDirectory="44e91423-c02a-42bb-9d21-733f5762ea43" />
    <UnitTestResult executionId="99044071-b151-4452-ac3f-aa2008a9067f" testId="94c55e4c-9b50-5d48-b000-bc6a8148acec" testName="FUNewsTradingSystem.Tests.Services.SystemAccountServiceTests.CreateAsync_NewEmail_CreatesAndReturnsSuccess" computerName="TOMOUTFITPC" duration="00:00:00.0020636" startTime="2026-07-19T20:32:57.6113816+07:00" endTime="2026-07-19T20:32:57.6113819+07:00" testType="13cdc9d9-ddb5-4fa4-a97d-d965ccfc6d4b" outcome="Passed" testListId="8c84fa94-04c1-424b-9868-57a2d4851a1d" relativeResultsDirectory="99044071-b151-4452-ac3f-aa2008a9067f" />
    <UnitTestResult executionId="cd257a28-675f-49fa-a5d4-34ba6c9e45f9" testId="718e61c3-60d8-77ca-561f-90199bcdc6be" testName="FUNewsTradingSystem.Tests.Services.CategoryServiceTests.ToggleActiveAsync_ActiveCategory_DeactivatesAndReturnsFalse" computerName="TOMOUTFITPC" duration="00:00:00.0019059" startTime="2026-07-19T20:32:57.6231310+07:00" endTime="2026-07-19T20:32:57.6231314+07:00" testType="13cdc9d9-ddb5-4fa4-a97d-d965ccfc6d4b" outcome="Passed" testListId="8c84fa94-04c1-424b-9868-57a2d4851a1d" relativeResultsDirectory="cd257a28-675f-49fa-a5d4-34ba6c9e45f9" />
    <UnitTestResult executionId="a02955da-5702-49c1-870e-183454c074b7" testId="295373ca-4236-4e31-0550-5bfa54754368" testName="FUNewsTradingSystem.Tests.Services.CategoryServiceTests.ToggleActiveAsync_InactiveCategory_ActivatesAndReturnsTrue" computerName="TOMOUTFITPC" duration="00:00:00.0007948" startTime="2026-07-19T20:32:57.6249676+07:00" endTime="2026-07-19T20:32:57.6249677+07:00" testType="13cdc9d9-ddb5-4fa4-a97d-d965ccfc6d4b" outcome="Passed" testListId="8c84fa94-04c1-424b-9868-57a2d4851a1d" relativeResultsDirectory="a02955da-5702-49c1-870e-183454c074b7" />
    <UnitTestResult executionId="082affb5-820a-40e8-b6ba-e13528e14ff8" testId="9823a22a-2352-f2ed-864b-aeb8e644b78b" testName="FUNewsTradingSystem.Tests.Services.TradingAgentServiceTests.PreprocessJsonResponse_CleanJson_ReturnsSameJson" computerName="TOMOUTFITPC" duration="00:00:00.0001021" startTime="2026-07-19T20:32:58.6417851+07:00" endTime="2026-07-19T20:32:58.6417852+07:00" testType="13cdc9d9-ddb5-4fa4-a97d-d965ccfc6d4b" outcome="Passed" testListId="8c84fa94-04c1-424b-9868-57a2d4851a1d" relativeResultsDirectory="082affb5-820a-40e8-b6ba-e13528e14ff8" />
    <UnitTestResult executionId="d905e134-b16c-4613-b129-dcfe23c1a037" testId="9bc2be70-a487-5d0d-5ffe-c41b119cae94" testName="FUNewsTradingSystem.Tests.Services.SystemAccountServiceTests.GetAllAsync_ReturnsAllAccounts" computerName="TOMOUTFITPC" duration="00:00:00.0027968" startTime="2026-07-19T20:32:57.5952797+07:00" endTime="2026-07-19T20:32:57.5952797+07:00" testType="13cdc9d9-ddb5-4fa4-a97d-d965ccfc6d4b" outcome="Passed" testListId="8c84fa94-04c1-424b-9868-57a2d4851a1d" relativeResultsDirectory="d905e134-b16c-4613-b129-dcfe23c1a037" />
    <UnitTestResult executionId="3d39661b-1ef7-4349-a343-44a39d2f81fd" testId="436553e3-7b2e-8eee-45c7-b9d70d3e4d02" testName="FUNewsTradingSystem.Tests.Services.SystemAccountServiceTests.GetByEmailAsync_NonExistingEmail_ReturnsNull" computerName="TOMOUTFITPC" duration="00:00:00.0014884" startTime="2026-07-19T20:32:57.6043915+07:00" endTime="2026-07-19T20:32:57.6043917+07:00" testType="13cdc9d9-ddb5-4fa4-a97d-d965ccfc6d4b" outcome="Passed" testListId="8c84fa94-04c1-424b-9868-57a2d4851a1d" relativeResultsDirectory="3d39661b-1ef7-4349-a343-44a39d2f81fd" />
    <UnitTestResult executionId="76e20365-53d6-4250-bdbf-c3d77d6a5e5c" testId="e1ed6146-a7f6-8bb2-e10e-c05f8dd6fc9f" testName="FUNewsTradingSystem.Tests.Services.CategoryServiceTests.DeleteCategoryAsync_ReferencedByArticle_ReturnsFalseWithoutDeleting" computerName="TOMOUTFITPC" duration="00:00:00.9285441" startTime="2026-07-19T20:32:57.5800684+07:00" endTime="2026-07-19T20:32:57.5800685+07:00" testType="13cdc9d9-ddb5-4fa4-a97d-d965ccfc6d4b" outcome="Passed" testListId="8c84fa94-04c1-424b-9868-57a2d4851a1d" relativeResultsDirectory="76e20365-53d6-4250-bdbf-c3d77d6a5e5c" />
    <UnitTestResult executionId="9b53cc47-11bc-4cb8-88cd-819144a1f613" testId="3bc2394d-b087-880e-4375-c0408e7724d8" testName="FUNewsTradingSystem.Tests.Services.TradingAgentServiceTests.DetermineSentimentTone_ReturnsValidSentiment_WhenNeutral" computerName="TOMOUTFITPC" duration="00:00:00.0026197" startTime="2026-07-19T20:32:58.6248797+07:00" endTime="2026-07-19T20:32:58.6248798+07:00" testType="13cdc9d9-ddb5-4fa4-a97d-d965ccfc6d4b" outcome="Passed" testListId="8c84fa94-04c1-424b-9868-57a2d4851a1d" relativeResultsDirectory="9b53cc47-11bc-4cb8-88cd-819144a1f613" />
    <UnitTestResult executionId="3cf028a0-c9ee-45d2-ab30-781c6f3e1a9f" testId="2e4ef95a-3264-a6dd-a061-07a7d3ed2a53" testName="FUNewsTradingSystem.Tests.Services.CategoryServiceTests.CreateCategoryAsync_Success_ReturnsTrue" computerName="TOMOUTFITPC" duration="00:00:00.0015050" startTime="2026-07-19T20:32:57.5947471+07:00" endTime="2026-07-19T20:32:57.5947471+07:00" testType="13cdc9d9-ddb5-4fa4-a97d-d965ccfc6d4b" outcome="Passed" testListId="8c84fa94-04c1-424b-9868-57a2d4851a1d" relativeResultsDirectory="3cf028a0-c9ee-45d2-ab30-781c6f3e1a9f" />
    <UnitTestResult executionId="0bce19b3-bcc9-4394-9dd7-8f30d8636d37" testId="f34176e7-df23-8c36-4d0f-91a4bc9bc35d" testName="FUNewsTradingSystem.Tests.Services.TradingAgentServiceTests.PreprocessJsonResponse_NullOrWhitespace_ReturnsEmpty" computerName="TOMOUTFITPC" duration="00:00:00.0001156" startTime="2026-07-19T20:32:58.6409045+07:00" endTime="2026-07-19T20:32:58.6409045+07:00" testType="13cdc9d9-ddb5-4fa4-a97d-d965ccfc6d4b" outcome="Passed" testListId="8c84fa94-04c1-424b-9868-57a2d4851a1d" relativeResultsDirectory="0bce19b3-bcc9-4394-9dd7-8f30d8636d37" />
    <UnitTestResult executionId="13945ee6-66c3-4fc8-b147-540e16cf10d9" testId="5e102ad5-ccda-e68f-1da9-a2dae24bc69c" testName="FUNewsTradingSystem.Tests.Services.SystemAccountServiceTests.UpdateNameAsync_NonExistingAccount_ReturnsFailure" computerName="TOMOUTFITPC" duration="00:00:00.0014792" startTime="2026-07-19T20:32:57.6005671+07:00" endTime="2026-07-19T20:32:57.6005673+07:00" testType="13cdc9d9-ddb5-4fa4-a97d-d965ccfc6d4b" outcome="Passed" testListId="8c84fa94-04c1-424b-9868-57a2d4851a1d" relativeResultsDirectory="13945ee6-66c3-4fc8-b147-540e16cf10d9" />
    <UnitTestResult executionId="c0c97fba-d25f-49ff-8d48-203a8921b2c3" testId="ca90551d-2092-3be0-b0d4-7560ebccc83c" testName="FUNewsTradingSystem.Tests.Services.SystemAccountServiceTests.CreateAsync_DuplicateEmail_ReturnsFailure" computerName="TOMOUTFITPC" duration="00:00:00.0021475" startTime="2026-07-19T20:32:57.6028444+07:00" endTime="2026-07-19T20:32:57.6028447+07:00" testType="13cdc9d9-ddb5-4fa4-a97d-d965ccfc6d4b" outcome="Passed" testListId="8c84fa94-04c1-424b-9868-57a2d4851a1d" relativeResultsDirectory="c0c97fba-d25f-49ff-8d48-203a8921b2c3" />
    <UnitTestResult executionId="42b7ac43-cf9b-4aa5-a757-5fc12a9efa00" testId="d3709491-93b0-edfe-9d99-b39397de4ba5" testName="FUNewsTradingSystem.Tests.Services.SystemAccountServiceTests.GetByIdAsync_NonExistingId_ReturnsNull" computerName="TOMOUTFITPC" duration="00:00:00.0009464" startTime="2026-07-19T20:32:57.5948891+07:00" endTime="2026-07-19T20:32:57.5948891+07:00" testType="13cdc9d9-ddb5-4fa4-a97d-d965ccfc6d4b" outcome="Passed" testListId="8c84fa94-04c1-424b-9868-57a2d4851a1d" relativeResultsDirectory="42b7ac43-cf9b-4aa5-a757-5fc12a9efa00" />
    <UnitTestResult executionId="e379c0cc-4ad2-4f2d-bc32-8df62e0dee99" testId="df886cde-aebe-adf3-38bb-2d5c233b92c8" testName="FUNewsTradingSystem.Tests.Services.TradingAgentServiceTests.GenerateFallbackNewsHeadlines_ReturnsNonEmptyString(ticker: &quot;BTC&quot;, company: &quot;&quot;)" computerName="TOMOUTFITPC" duration="00:00:00.0001399" startTime="2026-07-19T20:32:58.6369809+07:00" endTime="2026-07-19T20:32:58.6369810+07:00" testType="13cdc9d9-ddb5-4fa4-a97d-d965ccfc6d4b" outcome="Passed" testListId="8c84fa94-04c1-424b-9868-57a2d4851a1d" relativeResultsDirectory="e379c0cc-4ad2-4f2d-bc32-8df62e0dee99" />
    <UnitTestResult executionId="c2298f8b-8a84-4394-958f-226105818697" testId="e46da8d0-afff-f953-3013-8f2b0b1422b1" testName="FUNewsTradingSystem.Tests.Services.TradingAgentServiceTests.GenerateMockSentimentOutput_ReturnsNonEmptyText(ticker: &quot;TSLA&quot;)" computerName="TOMOUTFITPC" duration="00:00:00.0003328" startTime="2026-07-19T20:32:58.6349116+07:00" endTime="2026-07-19T20:32:58.6349117+07:00" testType="13cdc9d9-ddb5-4fa4-a97d-d965ccfc6d4b" outcome="Passed" testListId="8c84fa94-04c1-424b-9868-57a2d4851a1d" relativeResultsDirectory="c2298f8b-8a84-4394-958f-226105818697" />
    <UnitTestResult executionId="71972838-7fe8-4d38-8e48-92e2abb73318" testId="8e79e849-bdf1-d0da-a907-ab3f81a47e6c" testName="FUNewsTradingSystem.Tests.Services.TradingAgentServiceTests.GenerateMockPortfolioManagerResponse_CryptoTickers_ContainCryptoRisks(ticker: &quot;BTC&quot;)" computerName="TOMOUTFITPC" duration="00:00:00.0026788" startTime="2026-07-19T20:32:58.6216002+07:00" endTime="2026-07-19T20:32:58.6216009+07:00" testType="13cdc9d9-ddb5-4fa4-a97d-d965ccfc6d4b" outcome="Passed" testListId="8c84fa94-04c1-424b-9868-57a2d4851a1d" relativeResultsDirectory="71972838-7fe8-4d38-8e48-92e2abb73318" />
    <UnitTestResult executionId="bcd5e33f-b308-4ac9-874d-791865b23dae" testId="03d7d55f-93b3-d305-1f7d-3d901357c47b" testName="FUNewsTradingSystem.Tests.Services.TradingAgentServiceTests.FundamentalPromptTemplate_ContainsPlaceholders" computerName="TOMOUTFITPC" duration="00:00:00.0000865" startTime="2026-07-19T20:32:58.6418105+07:00" endTime="2026-07-19T20:32:58.6418105+07:00" testType="13cdc9d9-ddb5-4fa4-a97d-d965ccfc6d4b" outcome="Passed" testListId="8c84fa94-04c1-424b-9868-57a2d4851a1d" relativeResultsDirectory="bcd5e33f-b308-4ac9-874d-791865b23dae" />
    <UnitTestResult executionId="b494b41c-4e8d-42e9-9a11-949eafb515ef" testId="f6824379-a75a-194c-941d-8ece69bdb64c" testName="FUNewsTradingSystem.Tests.Services.TagServiceTests.UpdateTagAsync_SameTagSameId_NoDuplicateConflict" computerName="TOMOUTFITPC" duration="00:00:00.0050275" startTime="2026-07-19T20:32:57.5974140+07:00" endTime="2026-07-19T20:32:57.5974142+07:00" testType="13cdc9d9-ddb5-4fa4-a97d-d965ccfc6d4b" outcome="Passed" testListId="8c84fa94-04c1-424b-9868-57a2d4851a1d" relativeResultsDirectory="b494b41c-4e8d-42e9-9a11-949eafb515ef" />
    <UnitTestResult executionId="b6126af9-cf05-45d6-84c1-5ec7fd959ea1" testId="e0a69c5c-a112-c1ae-62c4-fcef4ac8b84c" testName="FUNewsTradingSystem.Tests.Services.TradingAgentServiceTests.GenerateMockFundamentalOutput_AlignedWithSentimentDecision(ticker: &quot;AAPL&quot;, sentiment: &quot;positive sentiment strong bullish&quot;, expectedDirection: &quot;BUY&quot;)" computerName="TOMOUTFITPC" duration="00:00:00.0002140" startTime="2026-07-19T20:32:58.6359419+07:00" endTime="2026-07-19T20:32:58.6359421+07:00" testType="13cdc9d9-ddb5-4fa4-a97d-d965ccfc6d4b" outcome="Passed" testListId="8c84fa94-04c1-424b-9868-57a2d4851a1d" relativeResultsDirectory="b6126af9-cf05-45d6-84c1-5ec7fd959ea1" />
    <UnitTestResult executionId="ffb9ec71-658e-4f89-892c-0519ff73e01b" testId="a2c37bec-9bed-7d1b-5df9-62064f407da4" testName="FUNewsTradingSystem.Tests.Services.SystemAccountServiceTests.ChangePasswordAsync_CorrectCurrentPassword_ChangesSuccessfully" computerName="TOMOUTFITPC" duration="00:00:00.0056518" startTime="2026-07-19T20:32:57.5918384+07:00" endTime="2026-07-19T20:32:57.5918385+07:00" testType="13cdc9d9-ddb5-4fa4-a97d-d965ccfc6d4b" outcome="Passed" testListId="8c84fa94-04c1-424b-9868-57a2d4851a1d" relativeResultsDirectory="ffb9ec71-658e-4f89-892c-0519ff73e01b" />
    <UnitTestResult executionId="a79453c9-f1dd-4640-9545-cb8db9213d1a" testId="90aae8d8-0031-b153-0bbc-d4a7fa4705e9" testName="FUNewsTradingSystem.Tests.Services.TradingAgentServiceTests.GenerateFallbackNewsHeadlines_ContainsTickerSymbol" computerName="TOMOUTFITPC" duration="00:00:00.0001075" startTime="2026-07-19T20:32:58.6437544+07:00" endTime="2026-07-19T20:32:58.6437545+07:00" testType="13cdc9d9-ddb5-4fa4-a97d-d965ccfc6d4b" outcome="Passed" testListId="8c84fa94-04c1-424b-9868-57a2d4851a1d" relativeResultsDirectory="a79453c9-f1dd-4640-9545-cb8db9213d1a" />
    <UnitTestResult executionId="ce941c92-d284-4203-b06e-4fcd2c8075b7" testId="931f61ee-db4b-9435-61be-5de08292ab8f" testName="FUNewsTradingSystem.Tests.Services.TradingAgentServiceTests.ExtractHeadlineTitles_TruncatesLongTitles" computerName="TOMOUTFITPC" duration="00:00:00.0003967" startTime="2026-07-19T20:32:58.6431453+07:00" endTime="2026-07-19T20:32:58.6431454+07:00" testType="13cdc9d9-ddb5-4fa4-a97d-d965ccfc6d4b" outcome="Passed" testListId="8c84fa94-04c1-424b-9868-57a2d4851a1d" relativeResultsDirectory="ce941c92-d284-4203-b06e-4fcd2c8075b7" />
    <UnitTestResult executionId="e7bd8415-4508-4f66-8ab1-f5850923f0c7" testId="cf6b6a24-4179-2a59-87df-a4fe36d567fb" testName="FUNewsTradingSystem.Tests.Services.TradingAgentServiceTests.ExtractHeadlineTitles_SkipsBlankLines" computerName="TOMOUTFITPC" duration="00:00:00.0002301" startTime="2026-07-19T20:32:58.6374639+07:00" endTime="2026-07-19T20:32:58.6374640+07:00" testType="13cdc9d9-ddb5-4fa4-a97d-d965ccfc6d4b" outcome="Passed" testListId="8c84fa94-04c1-424b-9868-57a2d4851a1d" relativeResultsDirectory="e7bd8415-4508-4f66-8ab1-f5850923f0c7" />
    <UnitTestResult executionId="d81f3253-38f6-4501-9cc4-63aafb54dea7" testId="ab580e23-1408-e46c-0f83-8314b0fc9837" testName="FUNewsTradingSystem.Tests.Services.TagServiceTests.GetAllTagsAsync_EmptyList_ReturnsEmpty" computerName="TOMOUTFITPC" duration="00:00:00.0066230" startTime="2026-07-19T20:32:57.5919870+07:00" endTime="2026-07-19T20:32:57.5919870+07:00" testType="13cdc9d9-ddb5-4fa4-a97d-d965ccfc6d4b" outcome="Passed" testListId="8c84fa94-04c1-424b-9868-57a2d4851a1d" relativeResultsDirectory="d81f3253-38f6-4501-9cc4-63aafb54dea7" />
    <UnitTestResult executionId="22b34fa5-54a7-4a81-ab90-3f15e3841f5f" testId="d408a336-61b6-75c1-cec3-446a8a3dfd1b" testName="FUNewsTradingSystem.Tests.Services.SystemAccountServiceTests.UpdateAsync_EmailConflict_ReturnsFailure" computerName="TOMOUTFITPC" duration="00:00:00.0011021" startTime="2026-07-19T20:32:57.6125334+07:00" endTime="2026-07-19T20:32:57.6125334+07:00" testType="13cdc9d9-ddb5-4fa4-a97d-d965ccfc6d4b" outcome="Passed" testListId="8c84fa94-04c1-424b-9868-57a2d4851a1d" relativeResultsDirectory="22b34fa5-54a7-4a81-ab90-3f15e3841f5f" />
    <UnitTestResult executionId="54d5f6de-916a-45d9-b02a-8053d205b7fb" testId="16e5b96b-f718-042a-d402-11655067531c" testName="FUNewsTradingSystem.Tests.Services.TradingAgentServiceTests.GenerateMockPortfolioManagerResponse_IndexETFs_ContainMacroRisks(ticker: &quot;FNTS&quot;)" computerName="TOMOUTFITPC" duration="00:00:00.0000160" startTime="2026-07-19T20:32:58.6369555+07:00" endTime="2026-07-19T20:32:58.6369556+07:00" testType="13cdc9d9-ddb5-4fa4-a97d-d965ccfc6d4b" outcome="Passed" testListId="8c84fa94-04c1-424b-9868-57a2d4851a1d" relativeResultsDirectory="54d5f6de-916a-45d9-b02a-8053d205b7fb" />
    <UnitTestResult executionId="20e98d98-d491-47c9-af93-66e7f7208829" testId="5da0dc70-454a-b7c7-9ed0-34f3e4d816fa" testName="FUNewsTradingSystem.Tests.Services.NewsArticleServiceTests.CreateWithTagAsync_MissingContent_ReturnsValidationError" computerName="TOMOUTFITPC" duration="00:00:00.0008310" startTime="2026-07-19T20:32:57.6048530+07:00" endTime="2026-07-19T20:32:57.6048531+07:00" testType="13cdc9d9-ddb5-4fa4-a97d-d965ccfc6d4b" outcome="Passed" testListId="8c84fa94-04c1-424b-9868-57a2d4851a1d" relativeResultsDirectory="20e98d98-d491-47c9-af93-66e7f7208829" />
    <UnitTestResult executionId="7ebcac56-2440-48dd-9504-58038634884d" testId="b075d0c9-61cf-fb34-a263-a8deb1d10179" testName="FUNewsTradingSystem.Tests.Services.TradingAgentServiceTests.GenerateMockSentimentOutput_WithTwoOrMoreTitles_IncludesSecondTitleInOutput" computerName="TOMOUTFITPC" duration="00:00:00.0001691" startTime="2026-07-19T20:32:58.6417579+07:00" endTime="2026-07-19T20:32:58.6417580+07:00" testType="13cdc9d9-ddb5-4fa4-a97d-d965ccfc6d4b" outcome="Passed" testListId="8c84fa94-04c1-424b-9868-57a2d4851a1d" relativeResultsDirectory="7ebcac56-2440-48dd-9504-58038634884d" />
    <UnitTestResult executionId="0c7f06ec-6cd3-40d7-8c90-ce2a5260bc78" testId="366e9590-2ec2-0dcd-a067-2937b845e879" testName="FUNewsTradingSystem.Tests.Services.NewsArticleServiceTests.GetReportDetailAsync_NonExisting_ReturnsNull" computerName="TOMOUTFITPC" duration="00:00:00.9232701" startTime="2026-07-19T20:32:57.5735255+07:00" endTime="2026-07-19T20:32:57.5735627+07:00" testType="13cdc9d9-ddb5-4fa4-a97d-d965ccfc6d4b" outcome="Passed" testListId="8c84fa94-04c1-424b-9868-57a2d4851a1d" relativeResultsDirectory="0c7f06ec-6cd3-40d7-8c90-ce2a5260bc78" />
    <UnitTestResult executionId="ac0b424d-2ea8-4999-892c-2a64f88b0976" testId="e1c516e3-ebe6-d88b-ccc4-f24ed03cfd6a" testName="FUNewsTradingSystem.Tests.Services.SystemAccountServiceTests.ChangePasswordAsync_AccountNotFound_ReturnsFailure" computerName="TOMOUTFITPC" duration="00:00:00.0008195" startTime="2026-07-19T20:32:57.5974813+07:00" endTime="2026-07-19T20:32:57.5974814+07:00" testType="13cdc9d9-ddb5-4fa4-a97d-d965ccfc6d4b" outcome="Passed" testListId="8c84fa94-04c1-424b-9868-57a2d4851a1d" relativeResultsDirectory="ac0b424d-2ea8-4999-892c-2a64f88b0976" />
    <UnitTestResult executionId="4f8be471-88c5-4a5e-877f-edc3ffb0e450" testId="e435ae84-6b12-bad6-0002-8e335005d080" testName="FUNewsTradingSystem.Tests.Services.TradingAgentServiceTests.GenerateMockPortfolioManagerResponse_CryptoTickers_ContainCryptoRisks(ticker: &quot;SOL&quot;)" computerName="TOMOUTFITPC" duration="00:00:00.0000172" startTime="2026-07-19T20:32:58.6222359+07:00" endTime="2026-07-19T20:32:58.6222359+07:00" testType="13cdc9d9-ddb5-4fa4-a97d-d965ccfc6d4b" outcome="Passed" testListId="8c84fa94-04c1-424b-9868-57a2d4851a1d" relativeResultsDirectory="4f8be471-88c5-4a5e-877f-edc3ffb0e450" />
    <UnitTestResult executionId="9b9bddc0-facf-43c1-8dc9-a1c17c5fa16b" testId="91537d0d-3613-ccb6-89f7-877afe43c4d2" testName="FUNewsTradingSystem.Tests.Services.CategoryServiceTests.ToggleActiveAsync_NonExistingId_ReturnsFalse" computerName="TOMOUTFITPC" duration="00:00:00.0006594" startTime="2026-07-19T20:32:57.6256653+07:00" endTime="2026-07-19T20:32:57.6256653+07:00" testType="13cdc9d9-ddb5-4fa4-a97d-d965ccfc6d4b" outcome="Passed" testListId="8c84fa94-04c1-424b-9868-57a2d4851a1d" relativeResultsDirectory="9b9bddc0-facf-43c1-8dc9-a1c17c5fa16b" />
    <UnitTestResult executionId="65b8f41c-d2fb-4302-8d95-d7b128f13f16" testId="7b23901b-a122-1354-1139-6263538d8d30" testName="FUNewsTradingSystem.Tests.Services.CategoryServiceTests.UpdateCategoryAsync_NonExistingCategory_ReturnsFalse" computerName="TOMOUTFITPC" duration="00:00:00.0019511" startTime="2026-07-19T20:32:57.5941613+07:00" endTime="2026-07-19T20:32:57.5941613+07:00" testType="13cdc9d9-ddb5-4fa4-a97d-d965ccfc6d4b" outcome="Passed" testListId="8c84fa94-04c1-424b-9868-57a2d4851a1d" relativeResultsDirectory="65b8f41c-d2fb-4302-8d95-d7b128f13f16" />
    <UnitTestResult executionId="55572f3d-445e-415c-a50b-24bddce285bd" testId="d3c54031-ff02-59e1-d475-9ebfd482fe34" testName="FUNewsTradingSystem.Tests.Services.TagServiceTests.GetAllTagsAsync_ReturnsAllTagsFromRepository" computerName="TOMOUTFITPC" duration="00:00:00.0027316" startTime="2026-07-19T20:32:57.6002167+07:00" endTime="2026-07-19T20:32:57.6002170+07:00" testType="13cdc9d9-ddb5-4fa4-a97d-d965ccfc6d4b" outcome="Passed" testListId="8c84fa94-04c1-424b-9868-57a2d4851a1d" relativeResultsDirectory="55572f3d-445e-415c-a50b-24bddce285bd" />
    <UnitTestResult executionId="9312d142-6d6d-4059-9ad1-c49a8ea968ce" testId="62847712-01f4-50f9-7ce1-04c86ef1456a" testName="FUNewsTradingSystem.Tests.Services.TradingAgentServiceTests.GenerateMockPortfolioManagerResponse_IndexETFs_ContainMacroRisks(ticker: &quot;DIA&quot;)" computerName="TOMOUTFITPC" duration="00:00:00.0001564" startTime="2026-07-19T20:32:58.6368555+07:00" endTime="2026-07-19T20:32:58.6368556+07:00" testType="13cdc9d9-ddb5-4fa4-a97d-d965ccfc6d4b" outcome="Passed" testListId="8c84fa94-04c1-424b-9868-57a2d4851a1d" relativeResultsDirectory="9312d142-6d6d-4059-9ad1-c49a8ea968ce" />
    <UnitTestResult executionId="80cbb5f6-ede7-430b-8ef3-cf5d4f994a4d" testId="a12fedfa-08e8-6883-be28-df59110708bc" testName="FUNewsTradingSystem.Tests.Services.TradingAgentServiceTests.ExtractHeadlineTitles_HandlesEmDashSeparator" computerName="TOMOUTFITPC" duration="00:00:00.0001947" startTime="2026-07-19T20:32:58.6433456+07:00" endTime="2026-07-19T20:32:58.6433458+07:00" testType="13cdc9d9-ddb5-4fa4-a97d-d965ccfc6d4b" outcome="Passed" testListId="8c84fa94-04c1-424b-9868-57a2d4851a1d" relativeResultsDirectory="80cbb5f6-ede7-430b-8ef3-cf5d4f994a4d" />
    <UnitTestResult executionId="898ab803-65b7-43b9-a902-1988077e7e40" testId="48f4c51f-463a-a371-1756-ffb68698ced2" testName="FUNewsTradingSystem.Tests.Services.CategoryServiceTests.UpdateCategoryAsync_ExistingCategory_CallsUpdateAndReturnsTrue" computerName="TOMOUTFITPC" duration="00:00:00.0029175" startTime="2026-07-19T20:32:57.5952137+07:00" endTime="2026-07-19T20:32:57.5952138+07:00" testType="13cdc9d9-ddb5-4fa4-a97d-d965ccfc6d4b" outcome="Passed" testListId="8c84fa94-04c1-424b-9868-57a2d4851a1d" relativeResultsDirectory="898ab803-65b7-43b9-a902-1988077e7e40" />
    <UnitTestResult executionId="77b388e5-43ac-437f-a8e6-0d6afdf478f9" testId="b12d5b85-ff2f-bce3-c1d5-e7816e723035" testName="FUNewsTradingSystem.Tests.Services.TradingAgentServiceTests.GenerateMockFundamentalOutput_ContainsNoException" computerName="TOMOUTFITPC" duration="00:00:00.0009229" startTime="2026-07-19T20:32:58.6397491+07:00" endTime="2026-07-19T20:32:58.6397493+07:00" testType="13cdc9d9-ddb5-4fa4-a97d-d965ccfc6d4b" outcome="Passed" testListId="8c84fa94-04c1-424b-9868-57a2d4851a1d" relativeResultsDirectory="77b388e5-43ac-437f-a8e6-0d6afdf478f9" />
    <UnitTestResult executionId="eac49c04-3933-49ac-959f-4fc0e1be2c89" testId="a956f328-b117-e667-25a2-259b8dfba941" testName="FUNewsTradingSystem.Tests.Services.TradingAgentServiceTests.GenerateFallbackNewsHeadlines_WhenCompanyEmpty_UsesTickerAsName" computerName="TOMOUTFITPC" duration="00:00:00.0001067" startTime="2026-07-19T20:32:58.6434839+07:00" endTime="2026-07-19T20:32:58.6434840+07:00" testType="13cdc9d9-ddb5-4fa4-a97d-d965ccfc6d4b" outcome="Passed" testListId="8c84fa94-04c1-424b-9868-57a2d4851a1d" relativeResultsDirectory="eac49c04-3933-49ac-959f-4fc0e1be2c89" />
    <UnitTestResult executionId="e1e7e82f-77d9-441c-a3bc-876ec3b93976" testId="732bab6b-b236-380d-4744-f67c366ca38f" testName="FUNewsTradingSystem.Tests.Services.CategoryServiceTests.CreateCategoryAsync_WhenRepositoryReturnsIdZero_ReturnsFalse" computerName="TOMOUTFITPC" duration="00:00:00.0016545" startTime="2026-07-19T20:32:57.5947128+07:00" endTime="2026-07-19T20:32:57.5947128+07:00" testType="13cdc9d9-ddb5-4fa4-a97d-d965ccfc6d4b" outcome="Passed" testListId="8c84fa94-04c1-424b-9868-57a2d4851a1d" relativeResultsDirectory="e1e7e82f-77d9-441c-a3bc-876ec3b93976" />
    <UnitTestResult executionId="da1f4530-ce57-489f-b707-6e9e858ed0c0" testId="4f1f912e-413a-8b61-9a68-69dbfe5e8165" testName="FUNewsTradingSystem.Tests.Services.SystemAccountServiceTests.UpdateNameAsync_ExistingAccount_UpdatesNameAndReturnsSuccess" computerName="TOMOUTFITPC" duration="00:00:00.0022202" startTime="2026-07-19T20:32:57.5947786+07:00" endTime="2026-07-19T20:32:57.5947787+07:00" testType="13cdc9d9-ddb5-4fa4-a97d-d965ccfc6d4b" outcome="Passed" testListId="8c84fa94-04c1-424b-9868-57a2d4851a1d" relativeResultsDirectory="da1f4530-ce57-489f-b707-6e9e858ed0c0" />
    <UnitTestResult executionId="a9274520-5354-4e7d-9c6b-083646c0b227" testId="ada8fdd7-1929-c1ba-30ba-c8d9cb630c05" testName="FUNewsTradingSystem.Tests.Services.TagServiceTests.DeleteTagAsync_DelegatesToRepository" computerName="TOMOUTFITPC" duration="00:00:00.0014396" startTime="2026-07-19T20:32:57.5951764+07:00" endTime="2026-07-19T20:32:57.5951765+07:00" testType="13cdc9d9-ddb5-4fa4-a97d-d965ccfc6d4b" outcome="Passed" testListId="8c84fa94-04c1-424b-9868-57a2d4851a1d" relativeResultsDirectory="a9274520-5354-4e7d-9c6b-083646c0b227" />
    <UnitTestResult executionId="a0589251-cce8-4b77-bd46-e922fce950de" testId="951c4fc9-f402-2dba-f088-99d2ed398820" testName="FUNewsTradingSystem.Tests.Services.SystemAccountServiceTests.DeleteAsync_AlwaysReturnsSuccess" computerName="TOMOUTFITPC" duration="00:00:00.0019725" startTime="2026-07-19T20:32:57.5965616+07:00" endTime="2026-07-19T20:32:57.5965618+07:00" testType="13cdc9d9-ddb5-4fa4-a97d-d965ccfc6d4b" outcome="Passed" testListId="8c84fa94-04c1-424b-9868-57a2d4851a1d" relativeResultsDirectory="a0589251-cce8-4b77-bd46-e922fce950de" />
    <UnitTestResult executionId="94a98ee4-85c1-48a2-a205-3ea15f51fe97" testId="936e4a3b-a2ff-3601-dc3b-5521fa53dc37" testName="FUNewsTradingSystem.Tests.Services.NewsArticleServiceTests.GetByIdAsync_NonExistingId_ReturnsNull" computerName="TOMOUTFITPC" duration="00:00:00.0019315" startTime="2026-07-19T20:32:57.5942062+07:00" endTime="2026-07-19T20:32:57.5942063+07:00" testType="13cdc9d9-ddb5-4fa4-a97d-d965ccfc6d4b" outcome="Passed" testListId="8c84fa94-04c1-424b-9868-57a2d4851a1d" relativeResultsDirectory="94a98ee4-85c1-48a2-a205-3ea15f51fe97" />
    <UnitTestResult executionId="3c8680b1-8bdc-453b-a091-3d19f7e21550" testId="d248f733-d596-73b9-0417-8d7906a829ce" testName="FUNewsTradingSystem.Tests.Services.TradingAgentServiceTests.GenerateMockPortfolioManagerResponse_ReturnsCorrectDecision(ticker: &quot;AAPL&quot;, sentiment: &quot;positive bullish strong&quot;, expectedDecision: &quot;BUY&quot;)" computerName="TOMOUTFITPC" duration="00:00:00.0001847" startTime="2026-07-19T20:32:58.6413317+07:00" endTime="2026-07-19T20:32:58.6413318+07:00" testType="13cdc9d9-ddb5-4fa4-a97d-d965ccfc6d4b" outcome="Passed" testListId="8c84fa94-04c1-424b-9868-57a2d4851a1d" relativeResultsDirectory="3c8680b1-8bdc-453b-a091-3d19f7e21550" />
    <UnitTestResult executionId="f827c7ef-c985-4a66-a36f-cf4fbc4eac84" testId="4e26965d-ea1d-d80b-8a90-14ae5f63260d" testName="FUNewsTradingSystem.Tests.Services.TagServiceTests.UpdateTagAsync_DuplicateNameWithDifferentId_ThrowsInvalidOperationException" computerName="TOMOUTFITPC" duration="00:00:00.0168496" startTime="2026-07-19T20:32:57.6209216+07:00" endTime="2026-07-19T20:32:57.6209220+07:00" testType="13cdc9d9-ddb5-4fa4-a97d-d965ccfc6d4b" outcome="Passed" testListId="8c84fa94-04c1-424b-9868-57a2d4851a1d" relativeResultsDirectory="f827c7ef-c985-4a66-a36f-cf4fbc4eac84" />
    <UnitTestResult executionId="29a52d85-f664-4cb6-abcc-335ed036de4e" testId="0df68283-38e4-173e-39f9-f6907b0c4ee8" testName="FUNewsTradingSystem.Tests.Services.NewsArticleServiceTests.CreateWithTagAsync_InvalidTag_ReturnsError" computerName="TOMOUTFITPC" duration="00:00:00.0030358" startTime="2026-07-19T20:32:57.5948470+07:00" endTime="2026-07-19T20:32:57.5948470+07:00" testType="13cdc9d9-ddb5-4fa4-a97d-d965ccfc6d4b" outcome="Passed" testListId="8c84fa94-04c1-424b-9868-57a2d4851a1d" relativeResultsDirectory="29a52d85-f664-4cb6-abcc-335ed036de4e" />
    <UnitTestResult executionId="2a3fe0ae-f7d3-4981-90e6-7338f32f5e48" testId="e46a7edf-577e-f833-9b78-4ae6808cb1b6" testName="FUNewsTradingSystem.Tests.Services.TradingAgentServiceTests.GenerateFallbackNewsHeadlines_ReturnsNonEmptyString(ticker: &quot;TSLA&quot;, company: &quot;Tesla&quot;)" computerName="TOMOUTFITPC" duration="00:00:00.0001948" startTime="2026-07-19T20:32:58.6371148+07:00" endTime="2026-07-19T20:32:58.6371149+07:00" testType="13cdc9d9-ddb5-4fa4-a97d-d965ccfc6d4b" outcome="Passed" testListId="8c84fa94-04c1-424b-9868-57a2d4851a1d" relativeResultsDirectory="2a3fe0ae-f7d3-4981-90e6-7338f32f5e48" />
    <UnitTestResult executionId="7163e31c-9140-47fc-bb68-d61f92e54bf1" testId="79203446-f16e-2f10-34b7-0aca21e536ca" testName="FUNewsTradingSystem.Tests.Services.TradingAgentServiceTests.PreprocessJsonResponse_StripsPlainCodeFence" computerName="TOMOUTFITPC" duration="00:00:00.0002385" startTime="2026-07-19T20:32:58.6407593+07:00" endTime="2026-07-19T20:32:58.6407597+07:00" testType="13cdc9d9-ddb5-4fa4-a97d-d965ccfc6d4b" outcome="Passed" testListId="8c84fa94-04c1-424b-9868-57a2d4851a1d" relativeResultsDirectory="7163e31c-9140-47fc-bb68-d61f92e54bf1" />
    <UnitTestResult executionId="78e7c6dc-f335-4abb-a2f3-ffbdf3367b06" testId="537fa901-280a-5cc2-0ad3-05851db77c39" testName="FUNewsTradingSystem.Tests.Services.NewsArticleServiceTests.CreateWithTagAsync_ValidInputs_ReturnsSuccessWithEntityId" computerName="TOMOUTFITPC" duration="00:00:00.0034369" startTime="2026-07-19T20:32:57.6105008+07:00" endTime="2026-07-19T20:32:57.6105011+07:00" testType="13cdc9d9-ddb5-4fa4-a97d-d965ccfc6d4b" outcome="Passed" testListId="8c84fa94-04c1-424b-9868-57a2d4851a1d" relativeResultsDirectory="78e7c6dc-f335-4abb-a2f3-ffbdf3367b06" />
    <UnitTestResult executionId="7326a64d-d41f-4513-99fb-4e9143b05fce" testId="f67cd03b-d0b0-0b4c-8da0-5696bff62b08" testName="FUNewsTradingSystem.Tests.Services.TradingAgentServiceTests.GenerateMockPortfolioManagerResponse_CryptoTickers_ContainCryptoRisks(ticker: &quot;XRP&quot;)" computerName="TOMOUTFITPC" duration="00:00:00.0000554" startTime="2026-07-19T20:32:58.6221934+07:00" endTime="2026-07-19T20:32:58.6221934+07:00" testType="13cdc9d9-ddb5-4fa4-a97d-d965ccfc6d4b" outcome="Passed" testListId="8c84fa94-04c1-424b-9868-57a2d4851a1d" relativeResultsDirectory="7326a64d-d41f-4513-99fb-4e9143b05fce" />
    <UnitTestResult executionId="009d3d70-d2eb-4966-a786-ca00ba407a55" testId="3ec615d8-d346-71a2-c52e-3c3e5cd0acb3" testName="FUNewsTradingSystem.Tests.Services.SystemAccountServiceTests.AuthenticateAsync_WrongPassword_ReturnsNull" computerName="TOMOUTFITPC" duration="00:00:00.0008399" startTime="2026-07-19T20:32:57.6082384+07:00" endTime="2026-07-19T20:32:57.6082387+07:00" testType="13cdc9d9-ddb5-4fa4-a97d-d965ccfc6d4b" outcome="Passed" testListId="8c84fa94-04c1-424b-9868-57a2d4851a1d" relativeResultsDirectory="009d3d70-d2eb-4966-a786-ca00ba407a55" />
    <UnitTestResult executionId="009566a5-52bb-48da-a6e1-60b202631ffd" testId="00cd79e2-1491-0f2c-370b-469747498b3f" testName="FUNewsTradingSystem.Tests.Services.NewsArticleServiceTests.ToggleStatusAsync_DelegatesToRepository" computerName="TOMOUTFITPC" duration="00:00:00.0031678" startTime="2026-07-19T20:32:57.5919526+07:00" endTime="2026-07-19T20:32:57.5919526+07:00" testType="13cdc9d9-ddb5-4fa4-a97d-d965ccfc6d4b" outcome="Passed" testListId="8c84fa94-04c1-424b-9868-57a2d4851a1d" relativeResultsDirectory="009566a5-52bb-48da-a6e1-60b202631ffd" />
    <UnitTestResult executionId="1398d887-cb19-497c-a3b6-8d3c806781c8" testId="454bf3fa-e99c-a44e-452b-8f22c8ea6ab6" testName="FUNewsTradingSystem.Tests.Services.SystemAccountServiceTests.AuthenticateAsync_HashPlaceholder_ReturnsAccount" computerName="TOMOUTFITPC" duration="00:00:00.0025188" startTime="2026-07-19T20:32:57.5804219+07:00" endTime="2026-07-19T20:32:57.5804219+07:00" testType="13cdc9d9-ddb5-4fa4-a97d-d965ccfc6d4b" outcome="Passed" testListId="8c84fa94-04c1-424b-9868-57a2d4851a1d" relativeResultsDirectory="1398d887-cb19-497c-a3b6-8d3c806781c8" />
  </Results>
  <TestDefinitions>
    <UnitTest name="FUNewsTradingSystem.Tests.Services.TradingAgentServiceTests.GenerateMockPortfolioManagerResponse_ReturnsCorrectDecision(ticker: &quot;MSFT&quot;, sentiment: &quot;neutral consolidation balanced&quot;, expectedDecision: &quot;HOLD&quot;)" storage="d:\coder-program\code_prn222\project - funewstradingsystem\prn222_project_funewstradingsystem_su26semester\funewstradingsystem\tests\bin\release\net10.0\funewstradingsystem.tests.dll" id="c44d4056-82ff-d0a6-999c-71a7402bcf46">
      <Execution id="33e928eb-9c93-4156-aafb-132855a146d2" />
      <TestMethod codeBase="D:\Coder-Program\Code_PRN222\Project - FUNewsTradingSystem\PRN222_Project_FUNewsTradingSystem_Su26Semester\FUNewsTradingSystem\Tests\bin\Release\net10.0\FUNewsTradingSystem.Tests.dll" adapterTypeName="executor://xunit/VsTestRunner2/netcoreapp" className="FUNewsTradingSystem.Tests.Services.TradingAgentServiceTests" name="GenerateMockPortfolioManagerResponse_ReturnsCorrectDecision" />
    </UnitTest>
    <UnitTest name="FUNewsTradingSystem.Tests.Services.TradingAgentServiceTests.GenerateMockPortfolioManagerResponse_IndexETFs_ContainMacroRisks(ticker: &quot;QQQ&quot;)" storage="d:\coder-program\code_prn222\project - funewstradingsystem\prn222_project_funewstradingsystem_su26semester\funewstradingsystem\tests\bin\release\net10.0\funewstradingsystem.tests.dll" id="684ebbf5-c657-b49f-2765-0cc5df5df71b">
      <Execution id="d836cccf-6746-41c9-be57-10ec1a3df7ad" />
      <TestMethod codeBase="D:\Coder-Program\Code_PRN222\Project - FUNewsTradingSystem\PRN222_Project_FUNewsTradingSystem_Su26Semester\FUNewsTradingSystem\Tests\bin\Release\net10.0\FUNewsTradingSystem.Tests.dll" adapterTypeName="executor://xunit/VsTestRunner2/netcoreapp" className="FUNewsTradingSystem.Tests.Services.TradingAgentServiceTests" name="GenerateMockPortfolioManagerResponse_IndexETFs_ContainMacroRisks" />
    </UnitTest>
    <UnitTest name="FUNewsTradingSystem.Tests.Services.NewsArticleServiceTests.GetByIdAsync_NonExistingId_ReturnsNull" storage="d:\coder-program\code_prn222\project - funewstradingsystem\prn222_project_funewstradingsystem_su26semester\funewstradingsystem\tests\bin\release\net10.0\funewstradingsystem.tests.dll" id="936e4a3b-a2ff-3601-dc3b-5521fa53dc37">
      <Execution id="94a98ee4-85c1-48a2-a205-3ea15f51fe97" />
      <TestMethod codeBase="D:\Coder-Program\Code_PRN222\Project - FUNewsTradingSystem\PRN222_Project_FUNewsTradingSystem_Su26Semester\FUNewsTradingSystem\Tests\bin\Release\net10.0\FUNewsTradingSystem.Tests.dll" adapterTypeName="executor://xunit/VsTestRunner2/netcoreapp" className="FUNewsTradingSystem.Tests.Services.NewsArticleServiceTests" name="GetByIdAsync_NonExistingId_ReturnsNull" />
    </UnitTest>
    <UnitTest name="FUNewsTradingSystem.Tests.Services.SystemAccountServiceTests.ChangePasswordAsync_AccountNotFound_ReturnsFailure" storage="d:\coder-program\code_prn222\project - funewstradingsystem\prn222_project_funewstradingsystem_su26semester\funewstradingsystem\tests\bin\release\net10.0\funewstradingsystem.tests.dll" id="e1c516e3-ebe6-d88b-ccc4-f24ed03cfd6a">
      <Execution id="ac0b424d-2ea8-4999-892c-2a64f88b0976" />
      <TestMethod codeBase="D:\Coder-Program\Code_PRN222\Project - FUNewsTradingSystem\PRN222_Project_FUNewsTradingSystem_Su26Semester\FUNewsTradingSystem\Tests\bin\Release\net10.0\FUNewsTradingSystem.Tests.dll" adapterTypeName="executor://xunit/VsTestRunner2/netcoreapp" className="FUNewsTradingSystem.Tests.Services.SystemAccountServiceTests" name="ChangePasswordAsync_AccountNotFound_ReturnsFailure" />
    </UnitTest>
    <UnitTest name="FUNewsTradingSystem.Tests.Services.TradingAgentServiceTests.ExtractHeadlineTitles_TruncatesLongTitles" storage="d:\coder-program\code_prn222\project - funewstradingsystem\prn222_project_funewstradingsystem_su26semester\funewstradingsystem\tests\bin\release\net10.0\funewstradingsystem.tests.dll" id="931f61ee-db4b-9435-61be-5de08292ab8f">
      <Execution id="ce941c92-d284-4203-b06e-4fcd2c8075b7" />
      <TestMethod codeBase="D:\Coder-Program\Code_PRN222\Project - FUNewsTradingSystem\PRN222_Project_FUNewsTradingSystem_Su26Semester\FUNewsTradingSystem\Tests\bin\Release\net10.0\FUNewsTradingSystem.Tests.dll" adapterTypeName="executor://xunit/VsTestRunner2/netcoreapp" className="FUNewsTradingSystem.Tests.Services.TradingAgentServiceTests" name="ExtractHeadlineTitles_TruncatesLongTitles" />
    </UnitTest>
    <UnitTest name="FUNewsTradingSystem.Tests.Services.TradingAgentServiceTests.PreprocessJsonResponse_StripsJsonCodeFence" storage="d:\coder-program\code_prn222\project - funewstradingsystem\prn222_project_funewstradingsystem_su26semester\funewstradingsystem\tests\bin\release\net10.0\funewstradingsystem.tests.dll" id="eed524f7-c3a6-4d46-49a0-a3d66ef34d08">
      <Execution id="d1ba9575-49e4-48c4-afec-0620230cd1e1" />
      <TestMethod codeBase="D:\Coder-Program\Code_PRN222\Project - FUNewsTradingSystem\PRN222_Project_FUNewsTradingSystem_Su26Semester\FUNewsTradingSystem\Tests\bin\Release\net10.0\FUNewsTradingSystem.Tests.dll" adapterTypeName="executor://xunit/VsTestRunner2/netcoreapp" className="FUNewsTradingSystem.Tests.Services.TradingAgentServiceTests" name="PreprocessJsonResponse_StripsJsonCodeFence" />
    </UnitTest>
    <UnitTest name="FUNewsTradingSystem.Tests.Services.NewsArticleServiceTests.CreateWithTagAsync_MissingContent_ReturnsValidationError" storage="d:\coder-program\code_prn222\project - funewstradingsystem\prn222_project_funewstradingsystem_su26semester\funewstradingsystem\tests\bin\release\net10.0\funewstradingsystem.tests.dll" id="5da0dc70-454a-b7c7-9ed0-34f3e4d816fa">
      <Execution id="20e98d98-d491-47c9-af93-66e7f7208829" />
      <TestMethod codeBase="D:\Coder-Program\Code_PRN222\Project - FUNewsTradingSystem\PRN222_Project_FUNewsTradingSystem_Su26Semester\FUNewsTradingSystem\Tests\bin\Release\net10.0\FUNewsTradingSystem.Tests.dll" adapterTypeName="executor://xunit/VsTestRunner2/netcoreapp" className="FUNewsTradingSystem.Tests.Services.NewsArticleServiceTests" name="CreateWithTagAsync_MissingContent_ReturnsValidationError" />
    </UnitTest>
    <UnitTest name="FUNewsTradingSystem.Tests.Services.TradingAgentServiceTests.GenerateMockSentimentOutput_ReturnsNonEmptyText(ticker: &quot;AAPL&quot;)" storage="d:\coder-program\code_prn222\project - funewstradingsystem\prn222_project_funewstradingsystem_su26semester\funewstradingsystem\tests\bin\release\net10.0\funewstradingsystem.tests.dll" id="7cd83384-c411-eef8-a573-487d473e3b6b">
      <Execution id="c405234b-6e8a-4515-b179-6f334064b1c0" />
      <TestMethod codeBase="D:\Coder-Program\Code_PRN222\Project - FUNewsTradingSystem\PRN222_Project_FUNewsTradingSystem_Su26Semester\FUNewsTradingSystem\Tests\bin\Release\net10.0\FUNewsTradingSystem.Tests.dll" adapterTypeName="executor://xunit/VsTestRunner2/netcoreapp" className="FUNewsTradingSystem.Tests.Services.TradingAgentServiceTests" name="GenerateMockSentimentOutput_ReturnsNonEmptyText" />
    </UnitTest>
    <UnitTest name="FUNewsTradingSystem.Tests.Services.TradingAgentServiceTests.GenerateMockPortfolioManagerResponse_CryptoTickers_ContainCryptoRisks(ticker: &quot;XRP&quot;)" storage="d:\coder-program\code_prn222\project - funewstradingsystem\prn222_project_funewstradingsystem_su26semester\funewstradingsystem\tests\bin\release\net10.0\funewstradingsystem.tests.dll" id="f67cd03b-d0b0-0b4c-8da0-5696bff62b08">
      <Execution id="7326a64d-d41f-4513-99fb-4e9143b05fce" />
      <TestMethod codeBase="D:\Coder-Program\Code_PRN222\Project - FUNewsTradingSystem\PRN222_Project_FUNewsTradingSystem_Su26Semester\FUNewsTradingSystem\Tests\bin\Release\net10.0\FUNewsTradingSystem.Tests.dll" adapterTypeName="executor://xunit/VsTestRunner2/netcoreapp" className="FUNewsTradingSystem.Tests.Services.TradingAgentServiceTests" name="GenerateMockPortfolioManagerResponse_CryptoTickers_ContainCryptoRisks" />
    </UnitTest>
    <UnitTest name="FUNewsTradingSystem.Tests.Services.TagServiceTests.DeleteTagAsync_DelegatesToRepository" storage="d:\coder-program\code_prn222\project - funewstradingsystem\prn222_project_funewstradingsystem_su26semester\funewstradingsystem\tests\bin\release\net10.0\funewstradingsystem.tests.dll" id="ada8fdd7-1929-c1ba-30ba-c8d9cb630c05">
      <Execution id="a9274520-5354-4e7d-9c6b-083646c0b227" />
      <TestMethod codeBase="D:\Coder-Program\Code_PRN222\Project - FUNewsTradingSystem\PRN222_Project_FUNewsTradingSystem_Su26Semester\FUNewsTradingSystem\Tests\bin\Release\net10.0\FUNewsTradingSystem.Tests.dll" adapterTypeName="executor://xunit/VsTestRunner2/netcoreapp" className="FUNewsTradingSystem.Tests.Services.TagServiceTests" name="DeleteTagAsync_DelegatesToRepository" />
    </UnitTest>
    <UnitTest name="FUNewsTradingSystem.Tests.Services.CategoryServiceTests.DeleteCategoryAsync_ChildrenReferencedByArticle_ReturnsFalseWithoutDeleting" storage="d:\coder-program\code_prn222\project - funewstradingsystem\prn222_project_funewstradingsystem_su26semester\funewstradingsystem\tests\bin\release\net10.0\funewstradingsystem.tests.dll" id="c247d9f1-51a2-a7d1-eaab-22f6d9ebed47">
      <Execution id="20c7294d-8b91-4ba2-a424-507ff1322b31" />
      <TestMethod codeBase="D:\Coder-Program\Code_PRN222\Project - FUNewsTradingSystem\PRN222_Project_FUNewsTradingSystem_Su26Semester\FUNewsTradingSystem\Tests\bin\Release\net10.0\FUNewsTradingSystem.Tests.dll" adapterTypeName="executor://xunit/VsTestRunner2/netcoreapp" className="FUNewsTradingSystem.Tests.Services.CategoryServiceTests" name="DeleteCategoryAsync_ChildrenReferencedByArticle_ReturnsFalseWithoutDeleting" />
    </UnitTest>
    <UnitTest name="FUNewsTradingSystem.Tests.Services.TradingAgentServiceTests.PreprocessJsonResponse_CleanJson_ReturnsSameJson" storage="d:\coder-program\code_prn222\project - funewstradingsystem\prn222_project_funewstradingsystem_su26semester\funewstradingsystem\tests\bin\release\net10.0\funewstradingsystem.tests.dll" id="9823a22a-2352-f2ed-864b-aeb8e644b78b">
      <Execution id="082affb5-820a-40e8-b6ba-e13528e14ff8" />
      <TestMethod codeBase="D:\Coder-Program\Code_PRN222\Project - FUNewsTradingSystem\PRN222_Project_FUNewsTradingSystem_Su26Semester\FUNewsTradingSystem\Tests\bin\Release\net10.0\FUNewsTradingSystem.Tests.dll" adapterTypeName="executor://xunit/VsTestRunner2/netcoreapp" className="FUNewsTradingSystem.Tests.Services.TradingAgentServiceTests" name="PreprocessJsonResponse_CleanJson_ReturnsSameJson" />
    </UnitTest>
    <UnitTest name="FUNewsTradingSystem.Tests.Services.TradingAgentServiceTests.GenerateFallbackNewsHeadlines_ReturnsNonEmptyString(ticker: &quot;BTC&quot;, company: &quot;&quot;)" storage="d:\coder-program\code_prn222\project - funewstradingsystem\prn222_project_funewstradingsystem_su26semester\funewstradingsystem\tests\bin\release\net10.0\funewstradingsystem.tests.dll" id="df886cde-aebe-adf3-38bb-2d5c233b92c8">
      <Execution id="e379c0cc-4ad2-4f2d-bc32-8df62e0dee99" />
      <TestMethod codeBase="D:\Coder-Program\Code_PRN222\Project - FUNewsTradingSystem\PRN222_Project_FUNewsTradingSystem_Su26Semester\FUNewsTradingSystem\Tests\bin\Release\net10.0\FUNewsTradingSystem.Tests.dll" adapterTypeName="executor://xunit/VsTestRunner2/netcoreapp" className="FUNewsTradingSystem.Tests.Services.TradingAgentServiceTests" name="GenerateFallbackNewsHeadlines_ReturnsNonEmptyString" />
    </UnitTest>
    <UnitTest name="FUNewsTradingSystem.Tests.Services.SystemAccountServiceTests.ChangePasswordAsync_HashPlaceholder_AllowsChange" storage="d:\coder-program\code_prn222\project - funewstradingsystem\prn222_project_funewstradingsystem_su26semester\funewstradingsystem\tests\bin\release\net10.0\funewstradingsystem.tests.dll" id="e770fcfa-fe3e-9691-de28-839615d9eac7">
      <Execution id="93d6d448-84de-49ba-91c7-396fe2071f51" />
      <TestMethod codeBase="D:\Coder-Program\Code_PRN222\Project - FUNewsTradingSystem\PRN222_Project_FUNewsTradingSystem_Su26Semester\FUNewsTradingSystem\Tests\bin\Release\net10.0\FUNewsTradingSystem.Tests.dll" adapterTypeName="executor://xunit/VsTestRunner2/netcoreapp" className="FUNewsTradingSystem.Tests.Services.SystemAccountServiceTests" name="ChangePasswordAsync_HashPlaceholder_AllowsChange" />
    </UnitTest>
    <UnitTest name="FUNewsTradingSystem.Tests.Services.NewsArticleServiceTests.GetReportsByCreatorAsync_DelegatesToRepository" storage="d:\coder-program\code_prn222\project - funewstradingsystem\prn222_project_funewstradingsystem_su26semester\funewstradingsystem\tests\bin\release\net10.0\funewstradingsystem.tests.dll" id="d7444a13-09d0-ee6f-bc11-30fbfea83090">
      <Execution id="12a46c5d-d549-47b5-977b-7e30d255d09e" />
[...]
    <TestEntry testId="8a2b39f4-5fa7-1c6d-1aa5-3c81200a63d0" executionId="0257aad9-9401-4545-9427-9410ac4075f2" testListId="8c84fa94-04c1-424b-9868-57a2d4851a1d" />
    <TestEntry testId="7c300a4d-ffe6-651e-1406-f96c0dedb178" executionId="d17eaaec-3f47-4026-9753-e8961bd777c0" testListId="8c84fa94-04c1-424b-9868-57a2d4851a1d" />
    <TestEntry testId="5cbc4454-3597-0592-bc11-0f1b0c01e8d1" executionId="032f2de3-ac16-425f-87f8-3579faa1f966" testListId="8c84fa94-04c1-424b-9868-57a2d4851a1d" />
    <TestEntry testId="5d877dd3-8102-0624-28e2-23771cfd4af0" executionId="b68f2b3b-401c-4d7b-a285-bf4ee6f9da10" testListId="8c84fa94-04c1-424b-9868-57a2d4851a1d" />
    <TestEntry testId="a16d4977-b793-8ed0-b1b7-0c3739745e3e" executionId="d000e5bf-2b0b-47a7-bc0d-57c12f097e15" testListId="8c84fa94-04c1-424b-9868-57a2d4851a1d" />
    <TestEntry testId="57cff069-d1e7-99cc-966e-20002854bca9" executionId="f4f19f77-5efc-41c7-853c-468d8df6692b" testListId="8c84fa94-04c1-424b-9868-57a2d4851a1d" />
    <TestEntry testId="a503573f-a670-1c50-02a7-a8f6b9b02e35" executionId="2556517b-1b78-49bd-84f4-2059472282ea" testListId="8c84fa94-04c1-424b-9868-57a2d4851a1d" />
    <TestEntry testId="7befab64-cac7-b003-3e94-352a396ede6c" executionId="4c2145ae-d7e9-45a6-b996-ecc554d52483" testListId="8c84fa94-04c1-424b-9868-57a2d4851a1d" />
    <TestEntry testId="1ac02a87-b4c7-acb3-ce1c-8d2be1075438" executionId="e76b2ce7-c2e4-401a-aad3-b0e3f875d174" testListId="8c84fa94-04c1-424b-9868-57a2d4851a1d" />
    <TestEntry testId="62504dab-d17d-1575-59f0-829e8850b0f8" executionId="d0555b61-211c-4909-9ef5-7abd5127a0c1" testListId="8c84fa94-04c1-424b-9868-57a2d4851a1d" />
    <TestEntry testId="9722b423-a281-0984-096f-106c525daa83" executionId="d7c4d461-0d34-4be7-9b78-2e43a790568a" testListId="8c84fa94-04c1-424b-9868-57a2d4851a1d" />
    <TestEntry testId="7c072450-6cba-e10b-4c1b-1e882f3d5a03" executionId="e96c6bcf-803a-4a87-ac2f-b08d0f943eed" testListId="8c84fa94-04c1-424b-9868-57a2d4851a1d" />
    <TestEntry testId="fb6b7ce9-262c-e8a5-6384-8cc38f1b15d0" executionId="1a43a04d-37b4-4aba-9a0c-4cb22f24b73b" testListId="8c84fa94-04c1-424b-9868-57a2d4851a1d" />
    <TestEntry testId="2beff119-6357-4ab9-f3c4-8afe4359d580" executionId="2000aaf0-0a46-4f37-8de1-9ebe5c6068d7" testListId="8c84fa94-04c1-424b-9868-57a2d4851a1d" />
    <TestEntry testId="7664108b-eece-4e78-d524-16f9e8b6ef66" executionId="f3486ecd-e176-48cf-adc4-cc5ad98e0ae5" testListId="8c84fa94-04c1-424b-9868-57a2d4851a1d" />
    <TestEntry testId="4f50bbe5-85ba-2a45-7057-b8429f0cbeeb" executionId="b1563cc2-cf96-4266-bf04-d53313aa5feb" testListId="8c84fa94-04c1-424b-9868-57a2d4851a1d" />
    <TestEntry testId="58773c19-6cc6-147c-ba3b-db7de4ebd8b0" executionId="09261c3a-bfc8-4d05-a5cd-030a006187f1" testListId="8c84fa94-04c1-424b-9868-57a2d4851a1d" />
    <TestEntry testId="7cd83384-c411-eef8-a573-487d473e3b6b" executionId="c405234b-6e8a-4515-b179-6f334064b1c0" testListId="8c84fa94-04c1-424b-9868-57a2d4851a1d" />
    <TestEntry testId="f96edd61-80a1-b2f2-f649-01a36b1c5086" executionId="5396aaee-7ef1-4e6a-a97b-0b9c332803f7" testListId="8c84fa94-04c1-424b-9868-57a2d4851a1d" />
    <TestEntry testId="684ebbf5-c657-b49f-2765-0cc5df5df71b" executionId="d836cccf-6746-41c9-be57-10ec1a3df7ad" testListId="8c84fa94-04c1-424b-9868-57a2d4851a1d" />
    <TestEntry testId="95ab73d4-8e19-79cf-0707-395f42c16911" executionId="5ca868e8-69ae-4ea8-af58-c7f167dc138d" testListId="8c84fa94-04c1-424b-9868-57a2d4851a1d" />
    <TestEntry testId="baa29220-830b-72b1-bd56-0e752e04fb12" executionId="53cbc8fa-c20c-4f0f-bcf9-49f2590256e1" testListId="8c84fa94-04c1-424b-9868-57a2d4851a1d" />
    <TestEntry testId="3784b619-a9e0-87cf-e521-3c3e78fd4806" executionId="128b51aa-4361-43c7-a0f4-d87f91d3ad92" testListId="8c84fa94-04c1-424b-9868-57a2d4851a1d" />
    <TestEntry testId="73018f13-c97f-07c3-9520-0a937ee6b031" executionId="7dbd09e5-cfc1-47c8-8ac9-8b131ce13f92" testListId="8c84fa94-04c1-424b-9868-57a2d4851a1d" />
    <TestEntry testId="108bc31f-28b1-9adf-87f7-afbc3d51d51d" executionId="b4c1c8fc-a509-4e7e-97db-b9f18dcf5fa3" testListId="8c84fa94-04c1-424b-9868-57a2d4851a1d" />
    <TestEntry testId="4cadda63-ed6f-09da-c0ad-ebec249707ca" executionId="ba31c3a8-b4c6-40ac-9126-fa04c2c1186d" testListId="8c84fa94-04c1-424b-9868-57a2d4851a1d" />
    <TestEntry testId="fab1ba5d-1b73-54f8-2812-ac546c6eed97" executionId="924498d0-4b28-4b92-9a39-b930bb114b69" testListId="8c84fa94-04c1-424b-9868-57a2d4851a1d" />
    <TestEntry testId="553ad0bd-23bc-d6a2-a2db-069c1b10180e" executionId="d673f35a-d6e5-43cf-88e1-dfd7afae9924" testListId="8c84fa94-04c1-424b-9868-57a2d4851a1d" />
    <TestEntry testId="cf829504-7aa5-a454-44c1-6431c4487ff5" executionId="9e0e9775-5bb6-43a2-8b18-571bf2027f1f" testListId="8c84fa94-04c1-424b-9868-57a2d4851a1d" />
    <TestEntry testId="b30e543c-52ec-aa46-0d17-b5cb449bfe4a" executionId="4a98ba99-12f1-4647-9357-2cbad2dcfb91" testListId="8c84fa94-04c1-424b-9868-57a2d4851a1d" />
    <TestEntry testId="031f2396-7653-2745-4093-0e33c38c7b7a" executionId="345a5fa4-27c0-4cde-ad97-ae27dc077146" testListId="8c84fa94-04c1-424b-9868-57a2d4851a1d" />
    <TestEntry testId="a7ee7309-11df-b5a9-8ee9-2d7b9c4cf89a" executionId="82eb01ec-fb91-4d46-a94b-5c46133d442a" testListId="8c84fa94-04c1-424b-9868-57a2d4851a1d" />
    <TestEntry testId="79bf4ac6-7e3c-cf66-b918-9464bb101bd8" executionId="3cfaaeb3-635f-4fbf-ba81-49ea64ad75a3" testListId="8c84fa94-04c1-424b-9868-57a2d4851a1d" />
    <TestEntry testId="7ca00b3b-991a-71dc-1624-b9040ef7698a" executionId="32a966ca-04b8-4a9a-a1d8-dff1f5971e8d" testListId="8c84fa94-04c1-424b-9868-57a2d4851a1d" />
    <TestEntry testId="dbc2835c-afda-6e4a-9c88-805a021725bb" executionId="9992bb49-d611-4c1a-bf20-7ce6cac59a73" testListId="8c84fa94-04c1-424b-9868-57a2d4851a1d" />
    <TestEntry testId="9acec578-ea5f-2913-4206-a4c3e146a3b3" executionId="111154a7-2b36-4a76-94cf-4393a7a5d326" testListId="8c84fa94-04c1-424b-9868-57a2d4851a1d" />
    <TestEntry testId="c247d9f1-51a2-a7d1-eaab-22f6d9ebed47" executionId="20c7294d-8b91-4ba2-a424-507ff1322b31" testListId="8c84fa94-04c1-424b-9868-57a2d4851a1d" />
    <TestEntry testId="d7b9f714-b852-4595-6794-baff54c647e1" executionId="b80a4d1e-09d7-43d7-a988-09990634adb2" testListId="8c84fa94-04c1-424b-9868-57a2d4851a1d" />
    <TestEntry testId="e770fcfa-fe3e-9691-de28-839615d9eac7" executionId="93d6d448-84de-49ba-91c7-396fe2071f51" testListId="8c84fa94-04c1-424b-9868-57a2d4851a1d" />
    <TestEntry testId="70f80633-8b59-815c-a475-14cd8b0f703d" executionId="1d0ae357-2f64-449f-8725-2094f1cb4de5" testListId="8c84fa94-04c1-424b-9868-57a2d4851a1d" />
    <TestEntry testId="684767e7-772b-fde6-7434-f9ec24047c73" executionId="49e24485-b14e-4c7c-82a6-2b1f359c9f73" testListId="8c84fa94-04c1-424b-9868-57a2d4851a1d" />
    <TestEntry testId="68dfc61d-9baa-609b-c297-bd4b9969c9c9" executionId="323b6fb7-117d-44c1-980d-75c04a09d872" testListId="8c84fa94-04c1-424b-9868-57a2d4851a1d" />
    <TestEntry testId="a7ce248f-8a71-cab2-3248-10612991e04b" executionId="04111798-0a56-4476-b8cd-41ef77e55ef4" testListId="8c84fa94-04c1-424b-9868-57a2d4851a1d" />
    <TestEntry testId="f489ccef-f685-0c0e-9fcf-c83bd50ae5d4" executionId="31b40a72-72cb-4a5f-a957-1ad25fa83492" testListId="8c84fa94-04c1-424b-9868-57a2d4851a1d" />
    <TestEntry testId="67c54ce4-d585-de72-9eec-481747afe45d" executionId="1ece7ded-831b-4ffe-bfad-fcb2428a729e" testListId="8c84fa94-04c1-424b-9868-57a2d4851a1d" />
    <TestEntry testId="c44d4056-82ff-d0a6-999c-71a7402bcf46" executionId="33e928eb-9c93-4156-aafb-132855a146d2" testListId="8c84fa94-04c1-424b-9868-57a2d4851a1d" />
    <TestEntry testId="7676ddb3-40a2-0311-582e-205640c695ab" executionId="1334f95a-d7c4-4e25-8fcc-fd7e18062035" testListId="8c84fa94-04c1-424b-9868-57a2d4851a1d" />
    <TestEntry testId="7de4647e-b938-f3b6-9f97-61c41312e8f7" executionId="15d2542e-6502-49ba-bfd6-3ccf47fc2231" testListId="8c84fa94-04c1-424b-9868-57a2d4851a1d" />
    <TestEntry testId="b68488f2-6e75-fbf2-0552-791cf059d46d" executionId="7e6bba08-50ee-4751-bc8b-9aeac9b141e4" testListId="8c84fa94-04c1-424b-9868-57a2d4851a1d" />
    <TestEntry testId="a9185893-c8b3-e756-6e67-ebd3bde63f7e" executionId="7abe1e4e-e70f-429b-8e75-cd0d80c406f4" testListId="8c84fa94-04c1-424b-9868-57a2d4851a1d" />
    <TestEntry testId="2d2c1f77-b8d8-6df5-90b9-2e2d76cf5c8a" executionId="24b2d16b-9032-4bf8-82fd-d3ceb6be1481" testListId="8c84fa94-04c1-424b-9868-57a2d4851a1d" />
    <TestEntry testId="2f02088d-7d59-fef6-dea0-aebec9beb53b" executionId="b51fd682-8838-42d7-aeb2-7e012bd75b2e" testListId="8c84fa94-04c1-424b-9868-57a2d4851a1d" />
    <TestEntry testId="ea336343-5f25-a58d-402e-6a33bbb17197" executionId="91e5c2ef-a633-4d7c-8c07-731c7384f26c" testListId="8c84fa94-04c1-424b-9868-57a2d4851a1d" />
    <TestEntry testId="68ffbf9f-df83-72fb-a3f1-639d2f9b8417" executionId="6e499c86-727b-4eb0-a146-217a535f147b" testListId="8c84fa94-04c1-424b-9868-57a2d4851a1d" />
    <TestEntry testId="cd602f3a-a9cf-424a-51b0-51024d8c8d65" executionId="365f8d27-858f-4feb-9954-004667db27d8" testListId="8c84fa94-04c1-424b-9868-57a2d4851a1d" />
    <TestEntry testId="4ed6599f-72e5-d7c8-22de-83aeb6e0b9fa" executionId="1dd4c35f-c7a7-460a-b949-c4a399c9d710" testListId="8c84fa94-04c1-424b-9868-57a2d4851a1d" />
    <TestEntry testId="622a8cb3-9d5b-0317-a2e0-6a184619b3c4" executionId="ded55d7f-9492-42bc-abcf-e9f6ef0bbbb6" testListId="8c84fa94-04c1-424b-9868-57a2d4851a1d" />
    <TestEntry testId="d7444a13-09d0-ee6f-bc11-30fbfea83090" executionId="12a46c5d-d549-47b5-977b-7e30d255d09e" testListId="8c84fa94-04c1-424b-9868-57a2d4851a1d" />
    <TestEntry testId="eed524f7-c3a6-4d46-49a0-a3d66ef34d08" executionId="d1ba9575-49e4-48c4-afec-0620230cd1e1" testListId="8c84fa94-04c1-424b-9868-57a2d4851a1d" />
    <TestEntry testId="f49421bf-6a2e-e768-3bb5-85b81f4cd3d1" executionId="44e91423-c02a-42bb-9d21-733f5762ea43" testListId="8c84fa94-04c1-424b-9868-57a2d4851a1d" />
    <TestEntry testId="94c55e4c-9b50-5d48-b000-bc6a8148acec" executionId="99044071-b151-4452-ac3f-aa2008a9067f" testListId="8c84fa94-04c1-424b-9868-57a2d4851a1d" />
    <TestEntry testId="718e61c3-60d8-77ca-561f-90199bcdc6be" executionId="cd257a28-675f-49fa-a5d4-34ba6c9e45f9" testListId="8c84fa94-04c1-424b-9868-57a2d4851a1d" />
    <TestEntry testId="295373ca-4236-4e31-0550-5bfa54754368" executionId="a02955da-5702-49c1-870e-183454c074b7" testListId="8c84fa94-04c1-424b-9868-57a2d4851a1d" />
    <TestEntry testId="9823a22a-2352-f2ed-864b-aeb8e644b78b" executionId="082affb5-820a-40e8-b6ba-e13528e14ff8" testListId="8c84fa94-04c1-424b-9868-57a2d4851a1d" />
    <TestEntry testId="9bc2be70-a487-5d0d-5ffe-c41b119cae94" executionId="d905e134-b16c-4613-b129-dcfe23c1a037" testListId="8c84fa94-04c1-424b-9868-57a2d4851a1d" />
    <TestEntry testId="436553e3-7b2e-8eee-45c7-b9d70d3e4d02" executionId="3d39661b-1ef7-4349-a343-44a39d2f81fd" testListId="8c84fa94-04c1-424b-9868-57a2d4851a1d" />
    <TestEntry testId="e1ed6146-a7f6-8bb2-e10e-c05f8dd6fc9f" executionId="76e20365-53d6-4250-bdbf-c3d77d6a5e5c" testListId="8c84fa94-04c1-424b-9868-57a2d4851a1d" />
    <TestEntry testId="3bc2394d-b087-880e-4375-c0408e7724d8" executionId="9b53cc47-11bc-4cb8-88cd-819144a1f613" testListId="8c84fa94-04c1-424b-9868-57a2d4851a1d" />
    <TestEntry testId="2e4ef95a-3264-a6dd-a061-07a7d3ed2a53" executionId="3cf028a0-c9ee-45d2-ab30-781c6f3e1a9f" testListId="8c84fa94-04c1-424b-9868-57a2d4851a1d" />
    <TestEntry testId="f34176e7-df23-8c36-4d0f-91a4bc9bc35d" executionId="0bce19b3-bcc9-4394-9dd7-8f30d8636d37" testListId="8c84fa94-04c1-424b-9868-57a2d4851a1d" />
    <TestEntry testId="5e102ad5-ccda-e68f-1da9-a2dae24bc69c" executionId="13945ee6-66c3-4fc8-b147-540e16cf10d9" testListId="8c84fa94-04c1-424b-9868-57a2d4851a1d" />
    <TestEntry testId="ca90551d-2092-3be0-b0d4-7560ebccc83c" executionId="c0c97fba-d25f-49ff-8d48-203a8921b2c3" testListId="8c84fa94-04c1-424b-9868-57a2d4851a1d" />
    <TestEntry testId="d3709491-93b0-edfe-9d99-b39397de4ba5" executionId="42b7ac43-cf9b-4aa5-a757-5fc12a9efa00" testListId="8c84fa94-04c1-424b-9868-57a2d4851a1d" />
    <TestEntry testId="df886cde-aebe-adf3-38bb-2d5c233b92c8" executionId="e379c0cc-4ad2-4f2d-bc32-8df62e0dee99" testListId="8c84fa94-04c1-424b-9868-57a2d4851a1d" />
    <TestEntry testId="e46da8d0-afff-f953-3013-8f2b0b1422b1" executionId="c2298f8b-8a84-4394-958f-226105818697" testListId="8c84fa94-04c1-424b-9868-57a2d4851a1d" />
    <TestEntry testId="8e79e849-bdf1-d0da-a907-ab3f81a47e6c" executionId="71972838-7fe8-4d38-8e48-92e2abb73318" testListId="8c84fa94-04c1-424b-9868-57a2d4851a1d" />
    <TestEntry testId="03d7d55f-93b3-d305-1f7d-3d901357c47b" executionId="bcd5e33f-b308-4ac9-874d-791865b23dae" testListId="8c84fa94-04c1-424b-9868-57a2d4851a1d" />
    <TestEntry testId="f6824379-a75a-194c-941d-8ece69bdb64c" executionId="b494b41c-4e8d-42e9-9a11-949eafb515ef" testListId="8c84fa94-04c1-424b-9868-57a2d4851a1d" />
    <TestEntry testId="e0a69c5c-a112-c1ae-62c4-fcef4ac8b84c" executionId="b6126af9-cf05-45d6-84c1-5ec7fd959ea1" testListId="8c84fa94-04c1-424b-9868-57a2d4851a1d" />
    <TestEntry testId="a2c37bec-9bed-7d1b-5df9-62064f407da4" executionId="ffb9ec71-658e-4f89-892c-0519ff73e01b" testListId="8c84fa94-04c1-424b-9868-57a2d4851a1d" />
    <TestEntry testId="90aae8d8-0031-b153-0bbc-d4a7fa4705e9" executionId="a79453c9-f1dd-4640-9545-cb8db9213d1a" testListId="8c84fa94-04c1-424b-9868-57a2d4851a1d" />
    <TestEntry testId="931f61ee-db4b-9435-61be-5de08292ab8f" executionId="ce941c92-d284-4203-b06e-4fcd2c8075b7" testListId="8c84fa94-04c1-424b-9868-57a2d4851a1d" />
    <TestEntry testId="cf6b6a24-4179-2a59-87df-a4fe36d567fb" executionId="e7bd8415-4508-4f66-8ab1-f5850923f0c7" testListId="8c84fa94-04c1-424b-9868-57a2d4851a1d" />
    <TestEntry testId="ab580e23-1408-e46c-0f83-8314b0fc9837" executionId="d81f3253-38f6-4501-9cc4-63aafb54dea7" testListId="8c84fa94-04c1-424b-9868-57a2d4851a1d" />
    <TestEntry testId="d408a336-61b6-75c1-cec3-446a8a3dfd1b" executionId="22b34fa5-54a7-4a81-ab90-3f15e3841f5f" testListId="8c84fa94-04c1-424b-9868-57a2d4851a1d" />
    <TestEntry testId="16e5b96b-f718-042a-d402-11655067531c" executionId="54d5f6de-916a-45d9-b02a-8053d205b7fb" testListId="8c84fa94-04c1-424b-9868-57a2d4851a1d" />
    <TestEntry testId="5da0dc70-454a-b7c7-9ed0-34f3e4d816fa" executionId="20e98d98-d491-47c9-af93-66e7f7208829" testListId="8c84fa94-04c1-424b-9868-57a2d4851a1d" />
    <TestEntry testId="b075d0c9-61cf-fb34-a263-a8deb1d10179" executionId="7ebcac56-2440-48dd-9504-58038634884d" testListId="8c84fa94-04c1-424b-9868-57a2d4851a1d" />
    <TestEntry testId="366e9590-2ec2-0dcd-a067-2937b845e879" executionId="0c7f06ec-6cd3-40d7-8c90-ce2a5260bc78" testListId="8c84fa94-04c1-424b-9868-57a2d4851a1d" />
    <TestEntry testId="e1c516e3-ebe6-d88b-ccc4-f24ed03cfd6a" executionId="ac0b424d-2ea8-4999-892c-2a64f88b0976" testListId="8c84fa94-04c1-424b-9868-57a2d4851a1d" />
    <TestEntry testId="e435ae84-6b12-bad6-0002-8e335005d080" executionId="4f8be471-88c5-4a5e-877f-edc3ffb0e450" testListId="8c84fa94-04c1-424b-9868-57a2d4851a1d" />
    <TestEntry testId="91537d0d-3613-ccb6-89f7-877afe43c4d2" executionId="9b9bddc0-facf-43c1-8dc9-a1c17c5fa16b" testListId="8c84fa94-04c1-424b-9868-57a2d4851a1d" />
    <TestEntry testId="7b23901b-a122-1354-1139-6263538d8d30" executionId="65b8f41c-d2fb-4302-8d95-d7b128f13f16" testListId="8c84fa94-04c1-424b-9868-57a2d4851a1d" />
    <TestEntry testId="d3c54031-ff02-59e1-d475-9ebfd482fe34" executionId="55572f3d-445e-415c-a50b-24bddce285bd" testListId="8c84fa94-04c1-424b-9868-57a2d4851a1d" />
    <TestEntry testId="62847712-01f4-50f9-7ce1-04c86ef1456a" executionId="9312d142-6d6d-4059-9ad1-c49a8ea968ce" testListId="8c84fa94-04c1-424b-9868-57a2d4851a1d" />
    <TestEntry testId="a12fedfa-08e8-6883-be28-df59110708bc" executionId="80cbb5f6-ede7-430b-8ef3-cf5d4f994a4d" testListId="8c84fa94-04c1-424b-9868-57a2d4851a1d" />
    <TestEntry testId="48f4c51f-463a-a371-1756-ffb68698ced2" executionId="898ab803-65b7-43b9-a902-1988077e7e40" testListId="8c84fa94-04c1-424b-9868-57a2d4851a1d" />
    <TestEntry testId="b12d5b85-ff2f-bce3-c1d5-e7816e723035" executionId="77b388e5-43ac-437f-a8e6-0d6afdf478f9" testListId="8c84fa94-04c1-424b-9868-57a2d4851a1d" />
    <TestEntry testId="a956f328-b117-e667-25a2-259b8dfba941" executionId="eac49c04-3933-49ac-959f-4fc0e1be2c89" testListId="8c84fa94-04c1-424b-9868-57a2d4851a1d" />
    <TestEntry testId="732bab6b-b236-380d-4744-f67c366ca38f" executionId="e1e7e82f-77d9-441c-a3bc-876ec3b93976" testListId="8c84fa94-04c1-424b-9868-57a2d4851a1d" />
    <TestEntry testId="4f1f912e-413a-8b61-9a68-69dbfe5e8165" executionId="da1f4530-ce57-489f-b707-6e9e858ed0c0" testListId="8c84fa94-04c1-424b-9868-57a2d4851a1d" />
    <TestEntry testId="ada8fdd7-1929-c1ba-30ba-c8d9cb630c05" executionId="a9274520-5354-4e7d-9c6b-083646c0b227" testListId="8c84fa94-04c1-424b-9868-57a2d4851a1d" />
    <TestEntry testId="951c4fc9-f402-2dba-f088-99d2ed398820" executionId="a0589251-cce8-4b77-bd46-e922fce950de" testListId="8c84fa94-04c1-424b-9868-57a2d4851a1d" />
    <TestEntry testId="936e4a3b-a2ff-3601-dc3b-5521fa53dc37" executionId="94a98ee4-85c1-48a2-a205-3ea15f51fe97" testListId="8c84fa94-04c1-424b-9868-57a2d4851a1d" />
    <TestEntry testId="d248f733-d596-73b9-0417-8d7906a829ce" executionId="3c8680b1-8bdc-453b-a091-3d19f7e21550" testListId="8c84fa94-04c1-424b-9868-57a2d4851a1d" />
    <TestEntry testId="4e26965d-ea1d-d80b-8a90-14ae5f63260d" executionId="f827c7ef-c985-4a66-a36f-cf4fbc4eac84" testListId="8c84fa94-04c1-424b-9868-57a2d4851a1d" />
    <TestEntry testId="0df68283-38e4-173e-39f9-f6907b0c4ee8" executionId="29a52d85-f664-4cb6-abcc-335ed036de4e" testListId="8c84fa94-04c1-424b-9868-57a2d4851a1d" />
    <TestEntry testId="e46a7edf-577e-f833-9b78-4ae6808cb1b6" executionId="2a3fe0ae-f7d3-4981-90e6-7338f32f5e48" testListId="8c84fa94-04c1-424b-9868-57a2d4851a1d" />
    <TestEntry testId="79203446-f16e-2f10-34b7-0aca21e536ca" executionId="7163e31c-9140-47fc-bb68-d61f92e54bf1" testListId="8c84fa94-04c1-424b-9868-57a2d4851a1d" />
    <TestEntry testId="537fa901-280a-5cc2-0ad3-05851db77c39" executionId="78e7c6dc-f335-4abb-a2f3-ffbdf3367b06" testListId="8c84fa94-04c1-424b-9868-57a2d4851a1d" />
    <TestEntry testId="f67cd03b-d0b0-0b4c-8da0-5696bff62b08" executionId="7326a64d-d41f-4513-99fb-4e9143b05fce" testListId="8c84fa94-04c1-424b-9868-57a2d4851a1d" />
    <TestEntry testId="3ec615d8-d346-71a2-c52e-3c3e5cd0acb3" executionId="009d3d70-d2eb-4966-a786-ca00ba407a55" testListId="8c84fa94-04c1-424b-9868-57a2d4851a1d" />
    <TestEntry testId="00cd79e2-1491-0f2c-370b-469747498b3f" executionId="009566a5-52bb-48da-a6e1-60b202631ffd" testListId="8c84fa94-04c1-424b-9868-57a2d4851a1d" />
    <TestEntry testId="454bf3fa-e99c-a44e-452b-8f22c8ea6ab6" executionId="1398d887-cb19-497c-a3b6-8d3c806781c8" testListId="8c84fa94-04c1-424b-9868-57a2d4851a1d" />
  </TestEntries>
  <TestLists>
    <TestList name="Results Not in a List" id="8c84fa94-04c1-424b-9868-57a2d4851a1d" />
    <TestList name="All Loaded Results" id="19431567-8539-422a-85d7-44ee4e166bda" />
  </TestLists>
  <ResultSummary outcome="Completed">
    <Counters total="115" executed="115" passed="115" failed="0" error="0" timeout="0" aborted="0" inconclusive="0" passedButRunAborted="0" notRunnable="0" notExecuted="0" disconnected="0" warning="0" completed="0" inProgress="0" pending="0" />
    <Output>
      <StdOut>[xUnit.net 00:00:00.00] xUnit.net VSTest Adapter v2.8.2+699d445a1a (64-bit .NET 10.0.8)&#xD;
[xUnit.net 00:00:00.77]   Discovering: FUNewsTradingSystem.Tests&#xD;
[xUnit.net 00:00:00.83]   Discovered:  FUNewsTradingSystem.Tests&#xD;
[xUnit.net 00:00:00.83]   Starting:    FUNewsTradingSystem.Tests&#xD;
[xUnit.net 00:00:02.88]   Finished:    FUNewsTradingSystem.Tests&#xD;
</StdOut>
    </Output>
  </ResultSummary>
</TestRun>